[2020-08-21T14:25:53.571] [INFO] access - ::1 - - "GET /posts HTTP/1.1" 200 792 "" "Mozilla/5.0 (Windows NT 10.0; WOW64) AppleWebKit/537.36 (KHTML, like Gecko) Chrome/74.0.3724.8 Safari/537.36"
[2020-08-21T14:25:53.664] [INFO] access - ::1 - - "GET /favicon.ico HTTP/1.1" 404 - "http://localhost:3000/posts" "Mozilla/5.0 (Windows NT 10.0; WOW64) AppleWebKit/537.36 (KHTML, like Gecko) Chrome/74.0.3724.8 Safari/537.36"
[2020-08-21T14:26:57.649] [INFO] access - ::1 - - "GET /posts HTTP/1.1" 404 - "" "Mozilla/5.0 (Windows NT 10.0; WOW64) AppleWebKit/537.36 (KHTML, like Gecko) Chrome/74.0.3724.8 Safari/537.36"
[2020-08-21T14:27:01.135] [INFO] access - ::1 - - "GET /posts HTTP/1.1" 404 - "" "Mozilla/5.0 (Windows NT 10.0; WOW64) AppleWebKit/537.36 (KHTML, like Gecko) Chrome/74.0.3724.8 Safari/537.36"
[2020-08-21T14:27:26.516] [INFO] access - ::1 - - "GET /posts HTTP/1.1" 404 - "" "Mozilla/5.0 (Windows NT 10.0; WOW64) AppleWebKit/537.36 (KHTML, like Gecko) Chrome/74.0.3724.8 Safari/537.36"
[2020-08-21T14:48:16.525] [INFO] access - ::1 - - "GET /posts/5f3cf0c92a0a5e895886d512 HTTP/1.1" 200 97 "" "PostmanRuntime/7.6.0"
[2020-08-21T14:52:28.746] [INFO] access - ::1 - - "GET /posts/5f3cf0c92a0a5e895886d512 HTTP/1.1" 400 116 "" "PostmanRuntime/7.6.0"
[2020-08-21T14:58:48.188] [INFO] access - ::1 - - "POST /posts HTTP/1.1" 401 32 "" "PostmanRuntime/7.6.0"
[2020-08-21T15:02:09.147] [INFO] access - ::1 - - "GET /users HTTP/1.1" 401 32 "" "PostmanRuntime/7.6.0"
[2020-08-21T15:02:20.927] [INFO] access - ::1 - - "POST /users HTTP/1.1" 404 - "" "PostmanRuntime/7.6.0"
[2020-08-21T15:02:29.040] [INFO] access - ::1 - - "POST /users/456 HTTP/1.1" 404 - "" "PostmanRuntime/7.6.0"
[2020-08-21T15:08:35.748] [INFO] access - ::1 - - "GET /users/5f3cf0c92a0a5e895886d51e HTTP/1.1" 200 124 "" "PostmanRuntime/7.6.0"
[2020-08-21T15:10:37.750] [INFO] access - ::1 - - "POST /users/login HTTP/1.1" 200 226 "" "PostmanRuntime/7.6.0"
[2020-08-21T15:11:14.148] [INFO] access - ::1 - - "POST /users/login HTTP/1.1" 200 226 "" "PostmanRuntime/7.6.0"
[2020-08-21T15:11:55.435] [INFO] access - ::1 - - "POST /users/login HTTP/1.1" 200 226 "" "PostmanRuntime/7.6.0"
[2020-08-21T15:12:16.042] [INFO] access - ::1 - - "POST /users/login HTTP/1.1" 200 68 "" "PostmanRuntime/7.6.0"
[2020-08-21T15:13:02.811] [INFO] access - ::1 - - "POST /users/login HTTP/1.1" 400 76 "" "PostmanRuntime/7.6.0"
[2020-08-21T15:14:29.987] [INFO] access - ::1 - - "POST /users/login HTTP/1.1" 404 - "" "PostmanRuntime/7.6.0"
[2020-08-21T15:16:20.960] [INFO] access - ::1 - - "POST /users/login HTTP/1.1" 400 76 "" "PostmanRuntime/7.6.0"
[2020-08-21T15:16:50.174] [INFO] access - ::1 - - "POST /users HTTP/1.1" 401 25 "" "PostmanRuntime/7.6.0"
[2020-08-21T15:17:01.137] [INFO] access - ::1 - - "POST /users HTTP/1.1" 401 25 "" "PostmanRuntime/7.6.0"
[2020-08-21T15:17:45.267] [INFO] access - ::1 - - "POST /users HTTP/1.1" 401 36 "" "PostmanRuntime/7.6.0"
[2020-08-21T15:18:20.916] [INFO] access - ::1 - - "POST /users HTTP/1.1" 401 36 "" "PostmanRuntime/7.6.0"
[2020-08-21T15:19:27.708] [INFO] access - ::1 - - "POST /users/login HTTP/1.1" 200 226 "" "PostmanRuntime/7.6.0"
[2020-08-21T15:19:52.136] [INFO] access - ::1 - - "POST /users HTTP/1.1" 401 40 "" "PostmanRuntime/7.6.0"
[2020-08-21T15:20:16.330] [INFO] access - ::1 - - "POST /users HTTP/1.1" 401 99 "" "PostmanRuntime/7.6.0"
[2020-08-21T15:20:29.680] [INFO] access - ::1 - - "POST /users HTTP/1.1" 401 40 "" "PostmanRuntime/7.6.0"
[2020-08-21T15:20:35.306] [INFO] access - ::1 - - "POST /users HTTP/1.1" 404 - "" "PostmanRuntime/7.6.0"
[2020-08-21T15:20:51.836] [INFO] access - ::1 - - "POST /users HTTP/1.1" 404 - "" "PostmanRuntime/7.6.0"
