[2020-08-21T14:25:59.932] [ERROR] application - CastError: Cast to ObjectId failed for value "s" at path "_id" for model "Post"
    at model.Query.exec (d:\myProject\helloKoa\node_modules\mongoose\lib\query.js:4368:21)
    at model.Query.Query.then (d:\myProject\helloKoa\node_modules\mongoose\lib\query.js:4460:15)
    at processTicksAndRejections (internal/process/task_queues.js:97:5) {
  messageFormat: undefined,
  stringValue: '"s"',
  kind: 'ObjectId',
  value: 's',
  path: '_id',
  reason: Error: Argument passed in must be a single String of 12 bytes or a string of 24 hex characters
      at new ObjectID (d:\myProject\helloKoa\node_modules\bson\lib\bson\objectid.js:59:11)
      at castObjectId (d:\myProject\helloKoa\node_modules\mongoose\lib\cast\objectid.js:25:12)
      at ObjectId.cast (d:\myProject\helloKoa\node_modules\mongoose\lib\schema\objectid.js:267:12)
      at ObjectId.SchemaType.applySetters (d:\myProject\helloKoa\node_modules\mongoose\lib\schematype.js:1070:12)
      at ObjectId.SchemaType._castForQuery (d:\myProject\helloKoa\node_modules\mongoose\lib\schematype.js:1498:15)
      at ObjectId.SchemaType.castForQuery (d:\myProject\helloKoa\node_modules\mongoose\lib\schematype.js:1488:15)
      at ObjectId.SchemaType.castForQueryWrapper (d:\myProject\helloKoa\node_modules\mongoose\lib\schematype.js:1467:15)
      at cast (d:\myProject\helloKoa\node_modules\mongoose\lib\cast.js:331:32)
      at model.Query.Query.cast (d:\myProject\helloKoa\node_modules\mongoose\lib\query.js:4769:12)
      at model.Query.Query._castConditions (d:\myProject\helloKoa\node_modules\mongoose\lib\query.js:1870:10)
      at model.Query.<anonymous> (d:\myProject\helloKoa\node_modules\mongoose\lib\query.js:2127:8)
      at model.Query._wrappedThunk [as _findOne] (d:\myProject\helloKoa\node_modules\mongoose\lib\helpers\query\wrapThunk.js:16:8)
      at d:\myProject\helloKoa\node_modules\kareem\index.js:369:33
      at processTicksAndRejections (internal/process/task_queues.js:79:11),
  expose: false,
  statusCode: 500,
  status: 500
}
[2020-08-21T14:33:14.496] [ERROR] application - Error: 400
    at exports.getList (d:\myProject\helloKoa\controllers\post.js:58:11)
    at dispatch (d:\myProject\helloKoa\node_modules\koa-compose\index.js:44:32)
    at next (d:\myProject\helloKoa\node_modules\koa-compose\index.js:45:18)
    at validator (d:\myProject\helloKoa\node_modules\koa-joi-router\joi-router.js:428:11)
    at dispatch (d:\myProject\helloKoa\node_modules\koa-compose\index.js:44:32)
    at next (d:\myProject\helloKoa\node_modules\koa-compose\index.js:45:18)
    at noopMiddleware (d:\myProject\helloKoa\node_modules\koa-joi-router\joi-router.js:267:16)
    at dispatch (d:\myProject\helloKoa\node_modules\koa-compose\index.js:44:32)
    at next (d:\myProject\helloKoa\node_modules\koa-compose\index.js:45:18)
    at specExposer (d:\myProject\helloKoa\node_modules\koa-joi-router\joi-router.js:452:11)
    at dispatch (d:\myProject\helloKoa\node_modules\koa-compose\index.js:44:32)
    at next (d:\myProject\helloKoa\node_modules\koa-compose\index.js:45:18)
    at prepareRequest (d:\myProject\helloKoa\node_modules\koa-joi-router\joi-router.js:464:9)
    at dispatch (d:\myProject\helloKoa\node_modules\koa-compose\index.js:44:32)
    at next (d:\myProject\helloKoa\node_modules\koa-compose\index.js:45:18)
    at d:\myProject\helloKoa\node_modules\@koa\router\lib\router.js:346:16
[2020-08-21T14:34:04.101] [ERROR] application - Error: 400
    at exports.getList (d:\myProject\helloKoa\controllers\post.js:58:11)
    at dispatch (d:\myProject\helloKoa\node_modules\koa-compose\index.js:44:32)
    at next (d:\myProject\helloKoa\node_modules\koa-compose\index.js:45:18)
    at validator (d:\myProject\helloKoa\node_modules\koa-joi-router\joi-router.js:428:11)
    at dispatch (d:\myProject\helloKoa\node_modules\koa-compose\index.js:44:32)
    at next (d:\myProject\helloKoa\node_modules\koa-compose\index.js:45:18)
    at noopMiddleware (d:\myProject\helloKoa\node_modules\koa-joi-router\joi-router.js:267:16)
    at dispatch (d:\myProject\helloKoa\node_modules\koa-compose\index.js:44:32)
    at next (d:\myProject\helloKoa\node_modules\koa-compose\index.js:45:18)
    at specExposer (d:\myProject\helloKoa\node_modules\koa-joi-router\joi-router.js:452:11)
    at dispatch (d:\myProject\helloKoa\node_modules\koa-compose\index.js:44:32)
    at next (d:\myProject\helloKoa\node_modules\koa-compose\index.js:45:18)
    at prepareRequest (d:\myProject\helloKoa\node_modules\koa-joi-router\joi-router.js:464:9)
    at dispatch (d:\myProject\helloKoa\node_modules\koa-compose\index.js:44:32)
    at next (d:\myProject\helloKoa\node_modules\koa-compose\index.js:45:18)
    at d:\myProject\helloKoa\node_modules\@koa\router\lib\router.js:346:16
[2020-08-21T14:34:54.786] [ERROR] application - Error: 400
    at exports.getList (d:\myProject\helloKoa\controllers\post.js:58:11)
    at dispatch (d:\myProject\helloKoa\node_modules\koa-compose\index.js:44:32)
    at next (d:\myProject\helloKoa\node_modules\koa-compose\index.js:45:18)
    at validator (d:\myProject\helloKoa\node_modules\koa-joi-router\joi-router.js:428:11)
    at dispatch (d:\myProject\helloKoa\node_modules\koa-compose\index.js:44:32)
    at next (d:\myProject\helloKoa\node_modules\koa-compose\index.js:45:18)
    at noopMiddleware (d:\myProject\helloKoa\node_modules\koa-joi-router\joi-router.js:267:16)
    at dispatch (d:\myProject\helloKoa\node_modules\koa-compose\index.js:44:32)
    at next (d:\myProject\helloKoa\node_modules\koa-compose\index.js:45:18)
    at specExposer (d:\myProject\helloKoa\node_modules\koa-joi-router\joi-router.js:452:11)
    at dispatch (d:\myProject\helloKoa\node_modules\koa-compose\index.js:44:32)
    at next (d:\myProject\helloKoa\node_modules\koa-compose\index.js:45:18)
    at prepareRequest (d:\myProject\helloKoa\node_modules\koa-joi-router\joi-router.js:464:9)
    at dispatch (d:\myProject\helloKoa\node_modules\koa-compose\index.js:44:32)
    at next (d:\myProject\helloKoa\node_modules\koa-compose\index.js:45:18)
    at d:\myProject\helloKoa\node_modules\@koa\router\lib\router.js:346:16
[2020-08-21T14:35:00.404] [ERROR] application - Error: 400
    at exports.getList (d:\myProject\helloKoa\controllers\post.js:58:11)
    at dispatch (d:\myProject\helloKoa\node_modules\koa-compose\index.js:44:32)
    at next (d:\myProject\helloKoa\node_modules\koa-compose\index.js:45:18)
    at validator (d:\myProject\helloKoa\node_modules\koa-joi-router\joi-router.js:428:11)
    at dispatch (d:\myProject\helloKoa\node_modules\koa-compose\index.js:44:32)
    at next (d:\myProject\helloKoa\node_modules\koa-compose\index.js:45:18)
    at noopMiddleware (d:\myProject\helloKoa\node_modules\koa-joi-router\joi-router.js:267:16)
    at dispatch (d:\myProject\helloKoa\node_modules\koa-compose\index.js:44:32)
    at next (d:\myProject\helloKoa\node_modules\koa-compose\index.js:45:18)
    at specExposer (d:\myProject\helloKoa\node_modules\koa-joi-router\joi-router.js:452:11)
    at dispatch (d:\myProject\helloKoa\node_modules\koa-compose\index.js:44:32)
    at next (d:\myProject\helloKoa\node_modules\koa-compose\index.js:45:18)
    at prepareRequest (d:\myProject\helloKoa\node_modules\koa-joi-router\joi-router.js:464:9)
    at dispatch (d:\myProject\helloKoa\node_modules\koa-compose\index.js:44:32)
    at next (d:\myProject\helloKoa\node_modules\koa-compose\index.js:45:18)
    at d:\myProject\helloKoa\node_modules\@koa\router\lib\router.js:346:16
[2020-08-21T14:35:01.641] [ERROR] application - Error: 400
    at exports.getList (d:\myProject\helloKoa\controllers\post.js:58:11)
    at dispatch (d:\myProject\helloKoa\node_modules\koa-compose\index.js:44:32)
    at next (d:\myProject\helloKoa\node_modules\koa-compose\index.js:45:18)
    at validator (d:\myProject\helloKoa\node_modules\koa-joi-router\joi-router.js:428:11)
    at dispatch (d:\myProject\helloKoa\node_modules\koa-compose\index.js:44:32)
    at next (d:\myProject\helloKoa\node_modules\koa-compose\index.js:45:18)
    at noopMiddleware (d:\myProject\helloKoa\node_modules\koa-joi-router\joi-router.js:267:16)
    at dispatch (d:\myProject\helloKoa\node_modules\koa-compose\index.js:44:32)
    at next (d:\myProject\helloKoa\node_modules\koa-compose\index.js:45:18)
    at specExposer (d:\myProject\helloKoa\node_modules\koa-joi-router\joi-router.js:452:11)
    at dispatch (d:\myProject\helloKoa\node_modules\koa-compose\index.js:44:32)
    at next (d:\myProject\helloKoa\node_modules\koa-compose\index.js:45:18)
    at prepareRequest (d:\myProject\helloKoa\node_modules\koa-joi-router\joi-router.js:464:9)
    at dispatch (d:\myProject\helloKoa\node_modules\koa-compose\index.js:44:32)
    at next (d:\myProject\helloKoa\node_modules\koa-compose\index.js:45:18)
    at d:\myProject\helloKoa\node_modules\@koa\router\lib\router.js:346:16
[2020-08-21T14:35:29.946] [ERROR] application - AssertionError [ERR_ASSERTION]: status code must be a number
    at Object.set status [as status] (d:\myProject\helloKoa\node_modules\koa\lib\response.js:86:5)
    at Object.status (d:\myProject\helloKoa\node_modules\delegates\index.js:92:31)
    at exports.getList (d:\myProject\helloKoa\controllers\post.js:69:16)
    at dispatch (d:\myProject\helloKoa\node_modules\koa-compose\index.js:44:32)
    at next (d:\myProject\helloKoa\node_modules\koa-compose\index.js:45:18)
    at validator (d:\myProject\helloKoa\node_modules\koa-joi-router\joi-router.js:428:11)
    at dispatch (d:\myProject\helloKoa\node_modules\koa-compose\index.js:44:32)
    at next (d:\myProject\helloKoa\node_modules\koa-compose\index.js:45:18)
    at noopMiddleware (d:\myProject\helloKoa\node_modules\koa-joi-router\joi-router.js:267:16)
    at dispatch (d:\myProject\helloKoa\node_modules\koa-compose\index.js:44:32)
    at next (d:\myProject\helloKoa\node_modules\koa-compose\index.js:45:18)
    at specExposer (d:\myProject\helloKoa\node_modules\koa-joi-router\joi-router.js:452:11)
    at dispatch (d:\myProject\helloKoa\node_modules\koa-compose\index.js:44:32)
    at next (d:\myProject\helloKoa\node_modules\koa-compose\index.js:45:18)
    at prepareRequest (d:\myProject\helloKoa\node_modules\koa-joi-router\joi-router.js:464:9)
    at dispatch (d:\myProject\helloKoa\node_modules\koa-compose\index.js:44:32) {
  generatedMessage: false,
  code: 'ERR_ASSERTION',
  actual: false,
  expected: true,
  operator: '=='
}
[2020-08-21T14:36:08.541] [ERROR] application - APIError: BAD_REQUEST
    at exports.getList (d:\myProject\helloKoa\controllers\post.js:58:11)
    at dispatch (d:\myProject\helloKoa\node_modules\koa-compose\index.js:44:32)
    at next (d:\myProject\helloKoa\node_modules\koa-compose\index.js:45:18)
    at validator (d:\myProject\helloKoa\node_modules\koa-joi-router\joi-router.js:428:11)
    at dispatch (d:\myProject\helloKoa\node_modules\koa-compose\index.js:44:32)
    at next (d:\myProject\helloKoa\node_modules\koa-compose\index.js:45:18)
    at noopMiddleware (d:\myProject\helloKoa\node_modules\koa-joi-router\joi-router.js:267:16)
    at dispatch (d:\myProject\helloKoa\node_modules\koa-compose\index.js:44:32)
    at next (d:\myProject\helloKoa\node_modules\koa-compose\index.js:45:18)
    at specExposer (d:\myProject\helloKoa\node_modules\koa-joi-router\joi-router.js:452:11)
    at dispatch (d:\myProject\helloKoa\node_modules\koa-compose\index.js:44:32)
    at next (d:\myProject\helloKoa\node_modules\koa-compose\index.js:45:18)
    at prepareRequest (d:\myProject\helloKoa\node_modules\koa-joi-router\joi-router.js:464:9)
    at dispatch (d:\myProject\helloKoa\node_modules\koa-compose\index.js:44:32)
    at next (d:\myProject\helloKoa\node_modules\koa-compose\index.js:45:18)
    at d:\myProject\helloKoa\node_modules\@koa\router\lib\router.js:346:16 {
  status: 400,
  isPublic: false
}
[2020-08-21T14:44:08.366] [ERROR] application - CastError: Cast to ObjectId failed for value "2334" at path "_id" for model "Post"
    at model.Query.exec (d:\myProject\helloKoa\node_modules\mongoose\lib\query.js:4368:21)
    at model.Query.Query.then (d:\myProject\helloKoa\node_modules\mongoose\lib\query.js:4460:15)
    at processTicksAndRejections (internal/process/task_queues.js:97:5) {
  messageFormat: undefined,
  stringValue: '"2334"',
  kind: 'ObjectId',
  value: '2334',
  path: '_id',
  reason: Error: Argument passed in must be a single String of 12 bytes or a string of 24 hex characters
      at new ObjectID (d:\myProject\helloKoa\node_modules\bson\lib\bson\objectid.js:59:11)
      at castObjectId (d:\myProject\helloKoa\node_modules\mongoose\lib\cast\objectid.js:25:12)
      at ObjectId.cast (d:\myProject\helloKoa\node_modules\mongoose\lib\schema\objectid.js:267:12)
      at ObjectId.SchemaType.applySetters (d:\myProject\helloKoa\node_modules\mongoose\lib\schematype.js:1070:12)
      at ObjectId.SchemaType._castForQuery (d:\myProject\helloKoa\node_modules\mongoose\lib\schematype.js:1498:15)
      at ObjectId.SchemaType.castForQuery (d:\myProject\helloKoa\node_modules\mongoose\lib\schematype.js:1488:15)
      at ObjectId.SchemaType.castForQueryWrapper (d:\myProject\helloKoa\node_modules\mongoose\lib\schematype.js:1467:15)
      at cast (d:\myProject\helloKoa\node_modules\mongoose\lib\cast.js:331:32)
      at model.Query.Query.cast (d:\myProject\helloKoa\node_modules\mongoose\lib\query.js:4769:12)
      at model.Query.Query._castConditions (d:\myProject\helloKoa\node_modules\mongoose\lib\query.js:1870:10)
      at model.Query.<anonymous> (d:\myProject\helloKoa\node_modules\mongoose\lib\query.js:2127:8)
      at model.Query._wrappedThunk [as _findOne] (d:\myProject\helloKoa\node_modules\mongoose\lib\helpers\query\wrapThunk.js:16:8)
      at d:\myProject\helloKoa\node_modules\kareem\index.js:369:33
      at processTicksAndRejections (internal/process/task_queues.js:79:11)
}
[2020-08-21T14:44:44.176] [ERROR] application - CastError: Cast to ObjectId failed for value "2334" at path "_id" for model "Post"
    at model.Query.exec (d:\myProject\helloKoa\node_modules\mongoose\lib\query.js:4368:21)
    at model.Query.Query.then (d:\myProject\helloKoa\node_modules\mongoose\lib\query.js:4460:15)
    at processTicksAndRejections (internal/process/task_queues.js:97:5) {
  messageFormat: undefined,
  stringValue: '"2334"',
  kind: 'ObjectId',
  value: '2334',
  path: '_id',
  reason: Error: Argument passed in must be a single String of 12 bytes or a string of 24 hex characters
      at new ObjectID (d:\myProject\helloKoa\node_modules\bson\lib\bson\objectid.js:59:11)
      at castObjectId (d:\myProject\helloKoa\node_modules\mongoose\lib\cast\objectid.js:25:12)
      at ObjectId.cast (d:\myProject\helloKoa\node_modules\mongoose\lib\schema\objectid.js:267:12)
      at ObjectId.SchemaType.applySetters (d:\myProject\helloKoa\node_modules\mongoose\lib\schematype.js:1070:12)
      at ObjectId.SchemaType._castForQuery (d:\myProject\helloKoa\node_modules\mongoose\lib\schematype.js:1498:15)
      at ObjectId.SchemaType.castForQuery (d:\myProject\helloKoa\node_modules\mongoose\lib\schematype.js:1488:15)
      at ObjectId.SchemaType.castForQueryWrapper (d:\myProject\helloKoa\node_modules\mongoose\lib\schematype.js:1467:15)
      at cast (d:\myProject\helloKoa\node_modules\mongoose\lib\cast.js:331:32)
      at model.Query.Query.cast (d:\myProject\helloKoa\node_modules\mongoose\lib\query.js:4769:12)
      at model.Query.Query._castConditions (d:\myProject\helloKoa\node_modules\mongoose\lib\query.js:1870:10)
      at model.Query.<anonymous> (d:\myProject\helloKoa\node_modules\mongoose\lib\query.js:2127:8)
      at model.Query._wrappedThunk [as _findOne] (d:\myProject\helloKoa\node_modules\mongoose\lib\helpers\query\wrapThunk.js:16:8)
      at d:\myProject\helloKoa\node_modules\kareem\index.js:369:33
      at processTicksAndRejections (internal/process/task_queues.js:79:11)
}
[2020-08-21T14:45:58.302] [ERROR] application - CastError: Cast to ObjectId failed for value "2334" at path "_id" for model "Post"
    at model.Query.exec (d:\myProject\helloKoa\node_modules\mongoose\lib\query.js:4368:21)
    at model.Query.Query.then (d:\myProject\helloKoa\node_modules\mongoose\lib\query.js:4460:15)
    at processTicksAndRejections (internal/process/task_queues.js:97:5) {
  messageFormat: undefined,
  stringValue: '"2334"',
  kind: 'ObjectId',
  value: '2334',
  path: '_id',
  reason: Error: Argument passed in must be a single String of 12 bytes or a string of 24 hex characters
      at new ObjectID (d:\myProject\helloKoa\node_modules\bson\lib\bson\objectid.js:59:11)
      at castObjectId (d:\myProject\helloKoa\node_modules\mongoose\lib\cast\objectid.js:25:12)
      at ObjectId.cast (d:\myProject\helloKoa\node_modules\mongoose\lib\schema\objectid.js:267:12)
      at ObjectId.SchemaType.applySetters (d:\myProject\helloKoa\node_modules\mongoose\lib\schematype.js:1070:12)
      at ObjectId.SchemaType._castForQuery (d:\myProject\helloKoa\node_modules\mongoose\lib\schematype.js:1498:15)
      at ObjectId.SchemaType.castForQuery (d:\myProject\helloKoa\node_modules\mongoose\lib\schematype.js:1488:15)
      at ObjectId.SchemaType.castForQueryWrapper (d:\myProject\helloKoa\node_modules\mongoose\lib\schematype.js:1467:15)
      at cast (d:\myProject\helloKoa\node_modules\mongoose\lib\cast.js:331:32)
      at model.Query.Query.cast (d:\myProject\helloKoa\node_modules\mongoose\lib\query.js:4769:12)
      at model.Query.Query._castConditions (d:\myProject\helloKoa\node_modules\mongoose\lib\query.js:1870:10)
      at model.Query.<anonymous> (d:\myProject\helloKoa\node_modules\mongoose\lib\query.js:2127:8)
      at model.Query._wrappedThunk [as _findOne] (d:\myProject\helloKoa\node_modules\mongoose\lib\helpers\query\wrapThunk.js:16:8)
      at d:\myProject\helloKoa\node_modules\kareem\index.js:369:33
      at processTicksAndRejections (internal/process/task_queues.js:79:11)
}
[2020-08-21T14:46:43.556] [ERROR] application - CastError: Cast to ObjectId failed for value "2334" at path "_id" for model "Post"
    at model.Query.exec (d:\myProject\helloKoa\node_modules\mongoose\lib\query.js:4368:21)
    at model.Query.Query.then (d:\myProject\helloKoa\node_modules\mongoose\lib\query.js:4460:15)
    at processTicksAndRejections (internal/process/task_queues.js:97:5) {
  messageFormat: undefined,
  stringValue: '"2334"',
  kind: 'ObjectId',
  value: '2334',
  path: '_id',
  reason: Error: Argument passed in must be a single String of 12 bytes or a string of 24 hex characters
      at new ObjectID (d:\myProject\helloKoa\node_modules\bson\lib\bson\objectid.js:59:11)
      at castObjectId (d:\myProject\helloKoa\node_modules\mongoose\lib\cast\objectid.js:25:12)
      at ObjectId.cast (d:\myProject\helloKoa\node_modules\mongoose\lib\schema\objectid.js:267:12)
      at ObjectId.SchemaType.applySetters (d:\myProject\helloKoa\node_modules\mongoose\lib\schematype.js:1070:12)
      at ObjectId.SchemaType._castForQuery (d:\myProject\helloKoa\node_modules\mongoose\lib\schematype.js:1498:15)
      at ObjectId.SchemaType.castForQuery (d:\myProject\helloKoa\node_modules\mongoose\lib\schematype.js:1488:15)
      at ObjectId.SchemaType.castForQueryWrapper (d:\myProject\helloKoa\node_modules\mongoose\lib\schematype.js:1467:15)
      at cast (d:\myProject\helloKoa\node_modules\mongoose\lib\cast.js:331:32)
      at model.Query.Query.cast (d:\myProject\helloKoa\node_modules\mongoose\lib\query.js:4769:12)
      at model.Query.Query._castConditions (d:\myProject\helloKoa\node_modules\mongoose\lib\query.js:1870:10)
      at model.Query.<anonymous> (d:\myProject\helloKoa\node_modules\mongoose\lib\query.js:2127:8)
      at model.Query._wrappedThunk [as _findOne] (d:\myProject\helloKoa\node_modules\mongoose\lib\helpers\query\wrapThunk.js:16:8)
      at d:\myProject\helloKoa\node_modules\kareem\index.js:369:33
      at processTicksAndRejections (internal/process/task_queues.js:79:11)
}
[2020-08-21T14:47:26.948] [ERROR] application - CastError: Cast to ObjectId failed for value "2334" at path "_id" for model "Post"
    at model.Query.exec (d:\myProject\helloKoa\node_modules\mongoose\lib\query.js:4368:21)
    at Function.get (d:\myProject\helloKoa\models\post.js:46:10)
    at exports.get (d:\myProject\helloKoa\controllers\post.js:41:27)
    at dispatch (d:\myProject\helloKoa\node_modules\koa-compose\index.js:44:32)
    at next (d:\myProject\helloKoa\node_modules\koa-compose\index.js:45:18)
    at validator (d:\myProject\helloKoa\node_modules\koa-joi-router\joi-router.js:411:38)
    at dispatch (d:\myProject\helloKoa\node_modules\koa-compose\index.js:44:32)
    at next (d:\myProject\helloKoa\node_modules\koa-compose\index.js:45:18)
    at noopMiddleware (d:\myProject\helloKoa\node_modules\koa-joi-router\joi-router.js:267:16)
    at dispatch (d:\myProject\helloKoa\node_modules\koa-compose\index.js:44:32)
    at next (d:\myProject\helloKoa\node_modules\koa-compose\index.js:45:18)
    at specExposer (d:\myProject\helloKoa\node_modules\koa-joi-router\joi-router.js:452:11)
    at dispatch (d:\myProject\helloKoa\node_modules\koa-compose\index.js:44:32)
    at next (d:\myProject\helloKoa\node_modules\koa-compose\index.js:45:18)
    at prepareRequest (d:\myProject\helloKoa\node_modules\koa-joi-router\joi-router.js:464:9)
    at dispatch (d:\myProject\helloKoa\node_modules\koa-compose\index.js:44:32) {
  messageFormat: undefined,
  stringValue: '"2334"',
  kind: 'ObjectId',
  value: '2334',
  path: '_id',
  reason: Error: Argument passed in must be a single String of 12 bytes or a string of 24 hex characters
      at new ObjectID (d:\myProject\helloKoa\node_modules\bson\lib\bson\objectid.js:59:11)
      at castObjectId (d:\myProject\helloKoa\node_modules\mongoose\lib\cast\objectid.js:25:12)
      at ObjectId.cast (d:\myProject\helloKoa\node_modules\mongoose\lib\schema\objectid.js:267:12)
      at ObjectId.SchemaType.applySetters (d:\myProject\helloKoa\node_modules\mongoose\lib\schematype.js:1070:12)
      at ObjectId.SchemaType._castForQuery (d:\myProject\helloKoa\node_modules\mongoose\lib\schematype.js:1498:15)
      at ObjectId.SchemaType.castForQuery (d:\myProject\helloKoa\node_modules\mongoose\lib\schematype.js:1488:15)
      at ObjectId.SchemaType.castForQueryWrapper (d:\myProject\helloKoa\node_modules\mongoose\lib\schematype.js:1467:15)
      at cast (d:\myProject\helloKoa\node_modules\mongoose\lib\cast.js:331:32)
      at model.Query.Query.cast (d:\myProject\helloKoa\node_modules\mongoose\lib\query.js:4769:12)
      at model.Query.Query._castConditions (d:\myProject\helloKoa\node_modules\mongoose\lib\query.js:1870:10)
      at model.Query.<anonymous> (d:\myProject\helloKoa\node_modules\mongoose\lib\query.js:2127:8)
      at model.Query._wrappedThunk [as _findOne] (d:\myProject\helloKoa\node_modules\mongoose\lib\helpers\query\wrapThunk.js:16:8)
      at d:\myProject\helloKoa\node_modules\kareem\index.js:369:33
      at processTicksAndRejections (internal/process/task_queues.js:79:11)
}
[2020-08-21T14:52:50.908] [ERROR] application - CastError: Cast to ObjectId failed for value "5f3" at path "_id" for model "Post"
    at model.Query.exec (d:\myProject\helloKoa\node_modules\mongoose\lib\query.js:4368:21)
    at Function.get (d:\myProject\helloKoa\models\post.js:46:10)
    at exports.get (d:\myProject\helloKoa\controllers\post.js:41:27)
    at dispatch (d:\myProject\helloKoa\node_modules\koa-compose\index.js:44:32)
    at next (d:\myProject\helloKoa\node_modules\koa-compose\index.js:45:18)
    at validator (d:\myProject\helloKoa\node_modules\koa-joi-router\joi-router.js:411:38)
    at dispatch (d:\myProject\helloKoa\node_modules\koa-compose\index.js:44:32)
    at next (d:\myProject\helloKoa\node_modules\koa-compose\index.js:45:18)
    at noopMiddleware (d:\myProject\helloKoa\node_modules\koa-joi-router\joi-router.js:267:16)
    at dispatch (d:\myProject\helloKoa\node_modules\koa-compose\index.js:44:32)
    at next (d:\myProject\helloKoa\node_modules\koa-compose\index.js:45:18)
    at specExposer (d:\myProject\helloKoa\node_modules\koa-joi-router\joi-router.js:452:11)
    at dispatch (d:\myProject\helloKoa\node_modules\koa-compose\index.js:44:32)
    at next (d:\myProject\helloKoa\node_modules\koa-compose\index.js:45:18)
    at prepareRequest (d:\myProject\helloKoa\node_modules\koa-joi-router\joi-router.js:464:9)
    at dispatch (d:\myProject\helloKoa\node_modules\koa-compose\index.js:44:32) {
  messageFormat: undefined,
  stringValue: '"5f3"',
  kind: 'ObjectId',
  value: '5f3',
  path: '_id',
  reason: Error: Argument passed in must be a single String of 12 bytes or a string of 24 hex characters
      at new ObjectID (d:\myProject\helloKoa\node_modules\bson\lib\bson\objectid.js:59:11)
      at castObjectId (d:\myProject\helloKoa\node_modules\mongoose\lib\cast\objectid.js:25:12)
      at ObjectId.cast (d:\myProject\helloKoa\node_modules\mongoose\lib\schema\objectid.js:267:12)
      at ObjectId.SchemaType.applySetters (d:\myProject\helloKoa\node_modules\mongoose\lib\schematype.js:1070:12)
      at ObjectId.SchemaType._castForQuery (d:\myProject\helloKoa\node_modules\mongoose\lib\schematype.js:1498:15)
      at ObjectId.SchemaType.castForQuery (d:\myProject\helloKoa\node_modules\mongoose\lib\schematype.js:1488:15)
      at ObjectId.SchemaType.castForQueryWrapper (d:\myProject\helloKoa\node_modules\mongoose\lib\schematype.js:1467:15)
      at cast (d:\myProject\helloKoa\node_modules\mongoose\lib\cast.js:331:32)
      at model.Query.Query.cast (d:\myProject\helloKoa\node_modules\mongoose\lib\query.js:4769:12)
      at model.Query.Query._castConditions (d:\myProject\helloKoa\node_modules\mongoose\lib\query.js:1870:10)
      at model.Query.<anonymous> (d:\myProject\helloKoa\node_modules\mongoose\lib\query.js:2127:8)
      at model.Query._wrappedThunk [as _findOne] (d:\myProject\helloKoa\node_modules\mongoose\lib\helpers\query\wrapThunk.js:16:8)
      at d:\myProject\helloKoa\node_modules\kareem\index.js:369:33
      at processTicksAndRejections (internal/process/task_queues.js:79:11)
}
[2020-08-21T14:59:14.486] [ERROR] application - Error [ValidationError]: child "title" fails because ["title" is required]
    at Object.exports.process (d:\myProject\helloKoa\node_modules\@hapi\joi\lib\errors.js:202:19)
    at internals.Object._validateWithOptions (d:\myProject\helloKoa\node_modules\@hapi\joi\lib\types\any\index.js:763:31)
    at module.exports.internals.Any.root.validate (d:\myProject\helloKoa\node_modules\@hapi\joi\lib\index.js:145:23)
    at validateInput (d:\myProject\helloKoa\node_modules\koa-joi-router\joi-router.js:481:19)
    at validator (d:\myProject\helloKoa\node_modules\koa-joi-router\joi-router.js:419:15)
    at dispatch (d:\myProject\helloKoa\node_modules\koa-compose\index.js:44:32)
    at next (d:\myProject\helloKoa\node_modules\koa-compose\index.js:45:18)
    at parseFormBody (d:\myProject\helloKoa\node_modules\koa-joi-router\joi-router.js:338:11)
    at errorHandler (d:\myProject\helloKoa\node_modules\koa-joi-router\joi-router.js:281:13)
    at dispatch (d:\myProject\helloKoa\node_modules\koa-compose\index.js:44:32)
    at next (d:\myProject\helloKoa\node_modules\koa-compose\index.js:45:18)
    at specExposer (d:\myProject\helloKoa\node_modules\koa-joi-router\joi-router.js:452:11)
    at dispatch (d:\myProject\helloKoa\node_modules\koa-compose\index.js:44:32)
    at next (d:\myProject\helloKoa\node_modules\koa-compose\index.js:45:18)
    at prepareRequest (d:\myProject\helloKoa\node_modules\koa-joi-router\joi-router.js:464:9)
    at dispatch (d:\myProject\helloKoa\node_modules\koa-compose\index.js:44:32) {
  isJoi: true,
  details: [
    {
      message: '"title" is required',
      path: [Array],
      type: 'any.required',
      context: [Object]
    }
  ],
  _object: { username: 'ma', password: '1234569' },
  annotate: [Function (anonymous)],
  status: 400,
  msg: 'child "title" fails because ["title" is required]',
  expose: true,
  statusCode: 400
}
[2020-08-21T14:59:38.990] [ERROR] application - Error [ValidationError]: "username" is not allowed. "password" is not allowed
    at Object.exports.process (d:\myProject\helloKoa\node_modules\@hapi\joi\lib\errors.js:202:19)
    at internals.Object._validateWithOptions (d:\myProject\helloKoa\node_modules\@hapi\joi\lib\types\any\index.js:763:31)
    at module.exports.internals.Any.root.validate (d:\myProject\helloKoa\node_modules\@hapi\joi\lib\index.js:145:23)
    at validateInput (d:\myProject\helloKoa\node_modules\koa-joi-router\joi-router.js:481:19)
    at validator (d:\myProject\helloKoa\node_modules\koa-joi-router\joi-router.js:419:15)
    at dispatch (d:\myProject\helloKoa\node_modules\koa-compose\index.js:44:32)
    at next (d:\myProject\helloKoa\node_modules\koa-compose\index.js:45:18)
    at parseFormBody (d:\myProject\helloKoa\node_modules\koa-joi-router\joi-router.js:338:11)
    at errorHandler (d:\myProject\helloKoa\node_modules\koa-joi-router\joi-router.js:281:13)
    at dispatch (d:\myProject\helloKoa\node_modules\koa-compose\index.js:44:32)
    at next (d:\myProject\helloKoa\node_modules\koa-compose\index.js:45:18)
    at specExposer (d:\myProject\helloKoa\node_modules\koa-joi-router\joi-router.js:452:11)
    at dispatch (d:\myProject\helloKoa\node_modules\koa-compose\index.js:44:32)
    at next (d:\myProject\helloKoa\node_modules\koa-compose\index.js:45:18)
    at prepareRequest (d:\myProject\helloKoa\node_modules\koa-joi-router\joi-router.js:464:9)
    at dispatch (d:\myProject\helloKoa\node_modules\koa-compose\index.js:44:32) {
  isJoi: true,
  details: [
    {
      message: '"username" is not allowed',
      path: [Array],
      type: 'object.allowUnknown',
      context: [Object]
    },
    {
      message: '"password" is not allowed',
      path: [Array],
      type: 'object.allowUnknown',
      context: [Object]
    }
  ],
  _object: { username: 'ma', password: '1234569', title: '122', content: 'kkk' },
  annotate: [Function (anonymous)],
  status: 400,
  msg: '"username" is not allowed. "password" is not allowed',
  expose: true,
  statusCode: 400
}
[2020-08-21T15:02:57.967] [ERROR] application - CastError: Cast to ObjectId failed for value "456" at path "_id" for model "User"
    at model.Query.exec (d:\myProject\helloKoa\node_modules\mongoose\lib\query.js:4368:21)
    at Function.get (d:\myProject\helloKoa\models\user.js:37:8)
    at exports.get (d:\myProject\helloKoa\controllers\user.js:10:18)
    at dispatch (d:\myProject\helloKoa\node_modules\koa-compose\index.js:44:32)
    at next (d:\myProject\helloKoa\node_modules\koa-compose\index.js:45:18)
    at validator (d:\myProject\helloKoa\node_modules\koa-joi-router\joi-router.js:411:38)
    at dispatch (d:\myProject\helloKoa\node_modules\koa-compose\index.js:44:32)
    at next (d:\myProject\helloKoa\node_modules\koa-compose\index.js:45:18)
    at noopMiddleware (d:\myProject\helloKoa\node_modules\koa-joi-router\joi-router.js:267:16)
    at dispatch (d:\myProject\helloKoa\node_modules\koa-compose\index.js:44:32)
    at next (d:\myProject\helloKoa\node_modules\koa-compose\index.js:45:18)
    at specExposer (d:\myProject\helloKoa\node_modules\koa-joi-router\joi-router.js:452:11)
    at dispatch (d:\myProject\helloKoa\node_modules\koa-compose\index.js:44:32)
    at next (d:\myProject\helloKoa\node_modules\koa-compose\index.js:45:18)
    at prepareRequest (d:\myProject\helloKoa\node_modules\koa-joi-router\joi-router.js:464:9)
    at dispatch (d:\myProject\helloKoa\node_modules\koa-compose\index.js:44:32) {
  messageFormat: undefined,
  stringValue: '"456"',
  kind: 'ObjectId',
  value: '456',
  path: '_id',
  reason: Error: Argument passed in must be a single String of 12 bytes or a string of 24 hex characters
      at new ObjectID (d:\myProject\helloKoa\node_modules\bson\lib\bson\objectid.js:59:11)
      at castObjectId (d:\myProject\helloKoa\node_modules\mongoose\lib\cast\objectid.js:25:12)
      at ObjectId.cast (d:\myProject\helloKoa\node_modules\mongoose\lib\schema\objectid.js:267:12)
      at ObjectId.SchemaType.applySetters (d:\myProject\helloKoa\node_modules\mongoose\lib\schematype.js:1070:12)
      at ObjectId.SchemaType._castForQuery (d:\myProject\helloKoa\node_modules\mongoose\lib\schematype.js:1498:15)
      at ObjectId.SchemaType.castForQuery (d:\myProject\helloKoa\node_modules\mongoose\lib\schematype.js:1488:15)
      at ObjectId.SchemaType.castForQueryWrapper (d:\myProject\helloKoa\node_modules\mongoose\lib\schematype.js:1467:15)
      at cast (d:\myProject\helloKoa\node_modules\mongoose\lib\cast.js:331:32)
      at model.Query.Query.cast (d:\myProject\helloKoa\node_modules\mongoose\lib\query.js:4769:12)
      at model.Query.Query._castConditions (d:\myProject\helloKoa\node_modules\mongoose\lib\query.js:1870:10)
      at model.Query.<anonymous> (d:\myProject\helloKoa\node_modules\mongoose\lib\query.js:2127:8)
      at model.Query._wrappedThunk [as _findOne] (d:\myProject\helloKoa\node_modules\mongoose\lib\helpers\query\wrapThunk.js:16:8)
      at d:\myProject\helloKoa\node_modules\kareem\index.js:369:33
      at processTicksAndRejections (internal/process/task_queues.js:79:11)
}
[2020-08-21T15:03:26.386] [ERROR] application - APIError: 该用户不存在!
    at d:\myProject\helloKoa\models\user.js:40:21
    at processTicksAndRejections (internal/process/task_queues.js:97:5)
    at async exports.get (d:\myProject\helloKoa\controllers\user.js:10:7)
    at async validator (d:\myProject\helloKoa\node_modules\koa-joi-router\joi-router.js:411:32)
    at async noopMiddleware (d:\myProject\helloKoa\node_modules\koa-joi-router\joi-router.js:267:10)
    at async specExposer (d:\myProject\helloKoa\node_modules\koa-joi-router\joi-router.js:452:5)
    at async prepareRequest (d:\myProject\helloKoa\node_modules\koa-joi-router\joi-router.js:464:3)
    at async d:\myProject\helloKoa\app.js:63:3
    at async logger (d:\myProject\helloKoa\node_modules\koa-logger\index.js:67:7)
    at async bodyParser (d:\myProject\helloKoa\node_modules\koa-bodyparser\index.js:95:5)
    at async cors (d:\myProject\helloKoa\node_modules\@koa\cors\index.js:56:32)
    at async d:\myProject\helloKoa\node_modules\koa-log4\koa-logger.js:86:7 {
  status: 404,
  isPublic: true
}
[2020-08-21T15:09:14.591] [ERROR] application - Error [ValidationError]: "title" is not allowed. "content" is not allowed
    at Object.exports.process (d:\myProject\helloKoa\node_modules\@hapi\joi\lib\errors.js:202:19)
    at internals.Object._validateWithOptions (d:\myProject\helloKoa\node_modules\@hapi\joi\lib\types\any\index.js:763:31)
    at module.exports.internals.Any.root.validate (d:\myProject\helloKoa\node_modules\@hapi\joi\lib\index.js:145:23)
    at validateInput (d:\myProject\helloKoa\node_modules\koa-joi-router\joi-router.js:481:19)
    at validator (d:\myProject\helloKoa\node_modules\koa-joi-router\joi-router.js:419:15)
    at dispatch (d:\myProject\helloKoa\node_modules\koa-compose\index.js:44:32)
    at next (d:\myProject\helloKoa\node_modules\koa-compose\index.js:45:18)
    at parseFormBody (d:\myProject\helloKoa\node_modules\koa-joi-router\joi-router.js:338:11)
    at errorHandler (d:\myProject\helloKoa\node_modules\koa-joi-router\joi-router.js:281:13)
    at dispatch (d:\myProject\helloKoa\node_modules\koa-compose\index.js:44:32)
    at next (d:\myProject\helloKoa\node_modules\koa-compose\index.js:45:18)
    at specExposer (d:\myProject\helloKoa\node_modules\koa-joi-router\joi-router.js:452:11)
    at dispatch (d:\myProject\helloKoa\node_modules\koa-compose\index.js:44:32)
    at next (d:\myProject\helloKoa\node_modules\koa-compose\index.js:45:18)
    at prepareRequest (d:\myProject\helloKoa\node_modules\koa-joi-router\joi-router.js:464:9)
    at dispatch (d:\myProject\helloKoa\node_modules\koa-compose\index.js:44:32) {
  isJoi: true,
  details: [
    {
      message: '"title" is not allowed',
      path: [Array],
      type: 'object.allowUnknown',
      context: [Object]
    },
    {
      message: '"content" is not allowed',
      path: [Array],
      type: 'object.allowUnknown',
      context: [Object]
    }
  ],
  _object: { username: 'ma', password: '1234569', title: '122', content: 'kkk' },
  annotate: [Function (anonymous)],
  status: 400,
  msg: '"title" is not allowed. "content" is not allowed',
  expose: true,
  statusCode: 400
}
[2020-08-21T15:09:25.180] [ERROR] application - APIError: 用户名或者密码错误!
    at d:\myProject\helloKoa\models\user.js:51:21
    at async exports.login (d:\myProject\helloKoa\controllers\user.js:53:5)
    at async validator (d:\myProject\helloKoa\node_modules\koa-joi-router\joi-router.js:428:5)
    at async parseFormBody (d:\myProject\helloKoa\node_modules\koa-joi-router\joi-router.js:338:5)
    at async errorHandler (d:\myProject\helloKoa\node_modules\koa-joi-router\joi-router.js:281:7)
    at async specExposer (d:\myProject\helloKoa\node_modules\koa-joi-router\joi-router.js:452:5)
    at async prepareRequest (d:\myProject\helloKoa\node_modules\koa-joi-router\joi-router.js:464:3)
    at async d:\myProject\helloKoa\app.js:63:3
    at async logger (d:\myProject\helloKoa\node_modules\koa-logger\index.js:67:7)
    at async bodyParser (d:\myProject\helloKoa\node_modules\koa-bodyparser\index.js:95:5)
    at async cors (d:\myProject\helloKoa\node_modules\@koa\cors\index.js:56:32)
    at async d:\myProject\helloKoa\node_modules\koa-log4\koa-logger.js:86:7 {
  status: 400,
  isPublic: true,
  expose: true,
  statusCode: 400,
  msg: '用户名或者密码错误!'
}
