[2020-08-25T13:34:44.450] [ERROR] application - BadRequestError: expected x-www-form-urlencoded
    at Object.throw (D:\myProject\helloKoa\node_modules\koa\lib\context.js:97:11)
    at parseFormBody (D:\myProject\helloKoa\node_modules\koa-joi-router\joi-router.js:333:23)
    at errorHandler (D:\myProject\helloKoa\node_modules\koa-joi-router\joi-router.js:281:13)
    at dispatch (D:\myProject\helloKoa\node_modules\koa-compose\index.js:44:32)
    at next (D:\myProject\helloKoa\node_modules\koa-compose\index.js:45:18)
    at specExposer (D:\myProject\helloKoa\node_modules\koa-joi-router\joi-router.js:452:11)
    at dispatch (D:\myProject\helloKoa\node_modules\koa-compose\index.js:44:32)
    at next (D:\myProject\helloKoa\node_modules\koa-compose\index.js:45:18)
    at prepareRequest (D:\myProject\helloKoa\node_modules\koa-joi-router\joi-router.js:464:9)
    at dispatch (D:\myProject\helloKoa\node_modules\koa-compose\index.js:44:32)
    at next (D:\myProject\helloKoa\node_modules\koa-compose\index.js:45:18)
    at D:\myProject\helloKoa\node_modules\@koa\router\lib\router.js:346:16
    at dispatch (D:\myProject\helloKoa\node_modules\koa-compose\index.js:44:32)
    at D:\myProject\helloKoa\node_modules\koa-compose\index.js:36:12
    at dispatch (D:\myProject\helloKoa\node_modules\@koa\router\lib\router.js:351:31)
    at dispatch (D:\myProject\helloKoa\node_modules\koa\node_modules\koa-compose\index.js:42:32)
    at bodyParser (D:\myProject\helloKoa\node_modules\koa-bodyparser\index.js:95:11)
    at processTicksAndRejections (internal/process/task_queues.js:97:5)
    at async cors (D:\myProject\helloKoa\node_modules\@koa\cors\index.js:56:32)
    at async D:\myProject\helloKoa\node_modules\koa-log4\koa-logger.js:86:7 {
  msg: 'expected x-www-form-urlencoded'
}
[2020-08-25T13:35:16.682] [ERROR] application - BadRequestError: expected x-www-form-urlencoded
    at Object.throw (D:\myProject\helloKoa\node_modules\koa\lib\context.js:97:11)
    at parseFormBody (D:\myProject\helloKoa\node_modules\koa-joi-router\joi-router.js:333:23)
    at errorHandler (D:\myProject\helloKoa\node_modules\koa-joi-router\joi-router.js:281:13)
    at dispatch (D:\myProject\helloKoa\node_modules\koa-compose\index.js:44:32)
    at next (D:\myProject\helloKoa\node_modules\koa-compose\index.js:45:18)
    at specExposer (D:\myProject\helloKoa\node_modules\koa-joi-router\joi-router.js:452:11)
    at dispatch (D:\myProject\helloKoa\node_modules\koa-compose\index.js:44:32)
    at next (D:\myProject\helloKoa\node_modules\koa-compose\index.js:45:18)
    at prepareRequest (D:\myProject\helloKoa\node_modules\koa-joi-router\joi-router.js:464:9)
    at dispatch (D:\myProject\helloKoa\node_modules\koa-compose\index.js:44:32)
    at next (D:\myProject\helloKoa\node_modules\koa-compose\index.js:45:18)
    at D:\myProject\helloKoa\node_modules\@koa\router\lib\router.js:346:16
    at dispatch (D:\myProject\helloKoa\node_modules\koa-compose\index.js:44:32)
    at D:\myProject\helloKoa\node_modules\koa-compose\index.js:36:12
    at dispatch (D:\myProject\helloKoa\node_modules\@koa\router\lib\router.js:351:31)
    at dispatch (D:\myProject\helloKoa\node_modules\koa\node_modules\koa-compose\index.js:42:32)
    at bodyParser (D:\myProject\helloKoa\node_modules\koa-bodyparser\index.js:95:11)
    at processTicksAndRejections (internal/process/task_queues.js:97:5)
    at async cors (D:\myProject\helloKoa\node_modules\@koa\cors\index.js:56:32)
    at async D:\myProject\helloKoa\node_modules\koa-log4\koa-logger.js:86:7 {
  msg: 'expected x-www-form-urlencoded'
}
[2020-08-25T13:36:55.426] [ERROR] application - BadRequestError: expected x-www-form-urlencoded
    at Object.throw (D:\myProject\helloKoa\node_modules\koa\lib\context.js:97:11)
    at parseFormBody (D:\myProject\helloKoa\node_modules\koa-joi-router\joi-router.js:333:23)
    at errorHandler (D:\myProject\helloKoa\node_modules\koa-joi-router\joi-router.js:281:13)
    at dispatch (D:\myProject\helloKoa\node_modules\koa-compose\index.js:44:32)
    at next (D:\myProject\helloKoa\node_modules\koa-compose\index.js:45:18)
    at specExposer (D:\myProject\helloKoa\node_modules\koa-joi-router\joi-router.js:452:11)
    at dispatch (D:\myProject\helloKoa\node_modules\koa-compose\index.js:44:32)
    at next (D:\myProject\helloKoa\node_modules\koa-compose\index.js:45:18)
    at prepareRequest (D:\myProject\helloKoa\node_modules\koa-joi-router\joi-router.js:464:9)
    at dispatch (D:\myProject\helloKoa\node_modules\koa-compose\index.js:44:32)
    at next (D:\myProject\helloKoa\node_modules\koa-compose\index.js:45:18)
    at D:\myProject\helloKoa\node_modules\@koa\router\lib\router.js:346:16
    at dispatch (D:\myProject\helloKoa\node_modules\koa-compose\index.js:44:32)
    at D:\myProject\helloKoa\node_modules\koa-compose\index.js:36:12
    at dispatch (D:\myProject\helloKoa\node_modules\@koa\router\lib\router.js:351:31)
    at dispatch (D:\myProject\helloKoa\node_modules\koa\node_modules\koa-compose\index.js:42:32)
    at bodyParser (D:\myProject\helloKoa\node_modules\koa-bodyparser\index.js:95:11)
    at processTicksAndRejections (internal/process/task_queues.js:97:5)
    at async cors (D:\myProject\helloKoa\node_modules\@koa\cors\index.js:56:32)
    at async D:\myProject\helloKoa\node_modules\koa-log4\koa-logger.js:86:7 {
  msg: 'expected x-www-form-urlencoded'
}
[2020-08-25T14:32:47.968] [ERROR] application - Error [ValidationError]: child "password" fails because ["password" is required]
    at Object.exports.process (D:\myProject\helloKoa\node_modules\@hapi\joi\lib\errors.js:202:19)
    at internals.Object._validateWithOptions (D:\myProject\helloKoa\node_modules\@hapi\joi\lib\types\any\index.js:763:31)
    at module.exports.internals.Any.root.validate (D:\myProject\helloKoa\node_modules\@hapi\joi\lib\index.js:145:23)
    at validateInput (D:\myProject\helloKoa\node_modules\koa-joi-router\joi-router.js:481:19)
    at validator (D:\myProject\helloKoa\node_modules\koa-joi-router\joi-router.js:419:15)
    at dispatch (D:\myProject\helloKoa\node_modules\koa-compose\index.js:44:32)
    at next (D:\myProject\helloKoa\node_modules\koa-compose\index.js:45:18)
    at parseFormBody (D:\myProject\helloKoa\node_modules\koa-joi-router\joi-router.js:338:11)
    at errorHandler (D:\myProject\helloKoa\node_modules\koa-joi-router\joi-router.js:281:13)
    at dispatch (D:\myProject\helloKoa\node_modules\koa-compose\index.js:44:32)
    at next (D:\myProject\helloKoa\node_modules\koa-compose\index.js:45:18)
    at specExposer (D:\myProject\helloKoa\node_modules\koa-joi-router\joi-router.js:452:11)
    at dispatch (D:\myProject\helloKoa\node_modules\koa-compose\index.js:44:32)
    at next (D:\myProject\helloKoa\node_modules\koa-compose\index.js:45:18)
    at prepareRequest (D:\myProject\helloKoa\node_modules\koa-joi-router\joi-router.js:464:9)
    at dispatch (D:\myProject\helloKoa\node_modules\koa-compose\index.js:44:32)
    at next (D:\myProject\helloKoa\node_modules\koa-compose\index.js:45:18)
    at D:\myProject\helloKoa\node_modules\@koa\router\lib\router.js:346:16
    at dispatch (D:\myProject\helloKoa\node_modules\koa-compose\index.js:44:32)
    at D:\myProject\helloKoa\node_modules\koa-compose\index.js:36:12
    at dispatch (D:\myProject\helloKoa\node_modules\@koa\router\lib\router.js:351:31)
    at dispatch (D:\myProject\helloKoa\node_modules\koa\node_modules\koa-compose\index.js:42:32)
    at bodyParser (D:\myProject\helloKoa\node_modules\koa-bodyparser\index.js:95:11)
    at processTicksAndRejections (internal/process/task_queues.js:97:5)
    at async cors (D:\myProject\helloKoa\node_modules\@koa\cors\index.js:56:32)
    at async D:\myProject\helloKoa\node_modules\koa-log4\koa-logger.js:86:7 {
  isJoi: true,
  details: [
    {
      message: '"password" is required',
      path: [Array],
      type: 'any.required',
      context: [Object]
    }
  ],
  _object: { username: 'tt' },
  annotate: [Function (anonymous)],
  status: 400,
  msg: 'child "password" fails because ["password" is required]',
  expose: true,
  statusCode: 400
}
[2020-08-25T14:33:51.176] [ERROR] application - Error [ValidationError]: child "password" fails because ["password" is required]
    at Object.exports.process (D:\myProject\helloKoa\node_modules\@hapi\joi\lib\errors.js:202:19)
    at internals.Object._validateWithOptions (D:\myProject\helloKoa\node_modules\@hapi\joi\lib\types\any\index.js:763:31)
    at module.exports.internals.Any.root.validate (D:\myProject\helloKoa\node_modules\@hapi\joi\lib\index.js:145:23)
    at validateInput (D:\myProject\helloKoa\node_modules\koa-joi-router\joi-router.js:481:19)
    at validator (D:\myProject\helloKoa\node_modules\koa-joi-router\joi-router.js:419:15)
    at dispatch (D:\myProject\helloKoa\node_modules\koa-compose\index.js:44:32)
    at next (D:\myProject\helloKoa\node_modules\koa-compose\index.js:45:18)
    at parseFormBody (D:\myProject\helloKoa\node_modules\koa-joi-router\joi-router.js:338:11)
    at errorHandler (D:\myProject\helloKoa\node_modules\koa-joi-router\joi-router.js:281:13)
    at dispatch (D:\myProject\helloKoa\node_modules\koa-compose\index.js:44:32)
    at next (D:\myProject\helloKoa\node_modules\koa-compose\index.js:45:18)
    at specExposer (D:\myProject\helloKoa\node_modules\koa-joi-router\joi-router.js:452:11)
    at dispatch (D:\myProject\helloKoa\node_modules\koa-compose\index.js:44:32)
    at next (D:\myProject\helloKoa\node_modules\koa-compose\index.js:45:18)
    at prepareRequest (D:\myProject\helloKoa\node_modules\koa-joi-router\joi-router.js:464:9)
    at dispatch (D:\myProject\helloKoa\node_modules\koa-compose\index.js:44:32)
    at next (D:\myProject\helloKoa\node_modules\koa-compose\index.js:45:18)
    at D:\myProject\helloKoa\node_modules\@koa\router\lib\router.js:346:16
    at dispatch (D:\myProject\helloKoa\node_modules\koa-compose\index.js:44:32)
    at D:\myProject\helloKoa\node_modules\koa-compose\index.js:36:12
    at dispatch (D:\myProject\helloKoa\node_modules\@koa\router\lib\router.js:351:31)
    at dispatch (D:\myProject\helloKoa\node_modules\koa\node_modules\koa-compose\index.js:42:32)
    at bodyParser (D:\myProject\helloKoa\node_modules\koa-bodyparser\index.js:95:11)
    at processTicksAndRejections (internal/process/task_queues.js:97:5)
    at async cors (D:\myProject\helloKoa\node_modules\@koa\cors\index.js:56:32)
    at async D:\myProject\helloKoa\node_modules\koa-log4\koa-logger.js:86:7 {
  isJoi: true,
  details: [
    {
      message: '"password" is required',
      path: [Array],
      type: 'any.required',
      context: [Object]
    }
  ],
  _object: { username: 'tt' },
  annotate: [Function (anonymous)],
  status: 400,
  msg: 'child "password" fails because ["password" is required]',
  expose: true,
  statusCode: 400
}
[2020-08-25T14:38:26.201] [ERROR] application - Error [ValidationError]: child "password" fails because ["password" is required]
    at Object.exports.process (D:\myProject\helloKoa\node_modules\@hapi\joi\lib\errors.js:202:19)
    at internals.Object._validateWithOptions (D:\myProject\helloKoa\node_modules\@hapi\joi\lib\types\any\index.js:763:31)
    at module.exports.internals.Any.root.validate (D:\myProject\helloKoa\node_modules\@hapi\joi\lib\index.js:145:23)
    at validateInput (D:\myProject\helloKoa\node_modules\koa-joi-router\joi-router.js:481:19)
    at validator (D:\myProject\helloKoa\node_modules\koa-joi-router\joi-router.js:419:15)
    at dispatch (D:\myProject\helloKoa\node_modules\koa-compose\index.js:44:32)
    at next (D:\myProject\helloKoa\node_modules\koa-compose\index.js:45:18)
    at parseFormBody (D:\myProject\helloKoa\node_modules\koa-joi-router\joi-router.js:338:11)
    at errorHandler (D:\myProject\helloKoa\node_modules\koa-joi-router\joi-router.js:281:13)
    at dispatch (D:\myProject\helloKoa\node_modules\koa-compose\index.js:44:32)
    at next (D:\myProject\helloKoa\node_modules\koa-compose\index.js:45:18)
    at specExposer (D:\myProject\helloKoa\node_modules\koa-joi-router\joi-router.js:452:11)
    at dispatch (D:\myProject\helloKoa\node_modules\koa-compose\index.js:44:32)
    at next (D:\myProject\helloKoa\node_modules\koa-compose\index.js:45:18)
    at prepareRequest (D:\myProject\helloKoa\node_modules\koa-joi-router\joi-router.js:464:9)
    at dispatch (D:\myProject\helloKoa\node_modules\koa-compose\index.js:44:32)
    at next (D:\myProject\helloKoa\node_modules\koa-compose\index.js:45:18)
    at D:\myProject\helloKoa\node_modules\@koa\router\lib\router.js:346:16
    at dispatch (D:\myProject\helloKoa\node_modules\koa-compose\index.js:44:32)
    at D:\myProject\helloKoa\node_modules\koa-compose\index.js:36:12
    at dispatch (D:\myProject\helloKoa\node_modules\@koa\router\lib\router.js:351:31)
    at dispatch (D:\myProject\helloKoa\node_modules\koa\node_modules\koa-compose\index.js:42:32)
    at bodyParser (D:\myProject\helloKoa\node_modules\koa-bodyparser\index.js:95:11)
    at processTicksAndRejections (internal/process/task_queues.js:97:5)
    at async cors (D:\myProject\helloKoa\node_modules\@koa\cors\index.js:56:32)
    at async D:\myProject\helloKoa\node_modules\koa-log4\koa-logger.js:86:7 {
  isJoi: true,
  details: [
    {
      message: '"password" is required',
      path: [Array],
      type: 'any.required',
      context: [Object]
    }
  ],
  _object: { username: 'tt' },
  annotate: [Function (anonymous)],
  status: 400,
  msg: 'child "password" fails because ["password" is required]',
  expose: true,
  statusCode: 400
}
[2020-08-25T14:41:28.474] [ERROR] application - Error [ValidationError]: child "password" fails because ["password" is required]
    at Object.exports.process (D:\myProject\helloKoa\node_modules\@hapi\joi\lib\errors.js:202:19)
    at internals.Object._validateWithOptions (D:\myProject\helloKoa\node_modules\@hapi\joi\lib\types\any\index.js:763:31)
    at module.exports.internals.Any.root.validate (D:\myProject\helloKoa\node_modules\@hapi\joi\lib\index.js:145:23)
    at validateInput (D:\myProject\helloKoa\node_modules\koa-joi-router\joi-router.js:481:19)
    at validator (D:\myProject\helloKoa\node_modules\koa-joi-router\joi-router.js:419:15)
    at dispatch (D:\myProject\helloKoa\node_modules\koa-compose\index.js:44:32)
    at next (D:\myProject\helloKoa\node_modules\koa-compose\index.js:45:18)
    at parseFormBody (D:\myProject\helloKoa\node_modules\koa-joi-router\joi-router.js:338:11)
    at errorHandler (D:\myProject\helloKoa\node_modules\koa-joi-router\joi-router.js:281:13)
    at dispatch (D:\myProject\helloKoa\node_modules\koa-compose\index.js:44:32)
    at next (D:\myProject\helloKoa\node_modules\koa-compose\index.js:45:18)
    at specExposer (D:\myProject\helloKoa\node_modules\koa-joi-router\joi-router.js:452:11)
    at dispatch (D:\myProject\helloKoa\node_modules\koa-compose\index.js:44:32)
    at next (D:\myProject\helloKoa\node_modules\koa-compose\index.js:45:18)
    at prepareRequest (D:\myProject\helloKoa\node_modules\koa-joi-router\joi-router.js:464:9)
    at dispatch (D:\myProject\helloKoa\node_modules\koa-compose\index.js:44:32)
    at next (D:\myProject\helloKoa\node_modules\koa-compose\index.js:45:18)
    at D:\myProject\helloKoa\node_modules\@koa\router\lib\router.js:346:16
    at dispatch (D:\myProject\helloKoa\node_modules\koa-compose\index.js:44:32)
    at D:\myProject\helloKoa\node_modules\koa-compose\index.js:36:12
    at dispatch (D:\myProject\helloKoa\node_modules\@koa\router\lib\router.js:351:31)
    at dispatch (D:\myProject\helloKoa\node_modules\koa\node_modules\koa-compose\index.js:42:32)
    at bodyParser (D:\myProject\helloKoa\node_modules\koa-bodyparser\index.js:95:11)
    at processTicksAndRejections (internal/process/task_queues.js:97:5)
    at async cors (D:\myProject\helloKoa\node_modules\@koa\cors\index.js:56:32)
    at async D:\myProject\helloKoa\node_modules\koa-log4\koa-logger.js:86:7 {
  isJoi: true,
  details: [
    {
      message: '"password" is required',
      path: [Array],
      type: 'any.required',
      context: [Object]
    }
  ],
  _object: { username: 'tt' },
  annotate: [Function (anonymous)],
  status: 400,
  msg: 'child "password" fails because ["password" is required]',
  expose: true,
  statusCode: 400
}
[2020-08-25T14:42:02.496] [ERROR] application - Error [ValidationError]: child "password" fails because ["password" is required]
    at Object.exports.process (D:\myProject\helloKoa\node_modules\@hapi\joi\lib\errors.js:202:19)
    at internals.Object._validateWithOptions (D:\myProject\helloKoa\node_modules\@hapi\joi\lib\types\any\index.js:763:31)
    at module.exports.internals.Any.root.validate (D:\myProject\helloKoa\node_modules\@hapi\joi\lib\index.js:145:23)
    at validateInput (D:\myProject\helloKoa\node_modules\koa-joi-router\joi-router.js:481:19)
    at validator (D:\myProject\helloKoa\node_modules\koa-joi-router\joi-router.js:419:15)
    at dispatch (D:\myProject\helloKoa\node_modules\koa-compose\index.js:44:32)
    at next (D:\myProject\helloKoa\node_modules\koa-compose\index.js:45:18)
    at parseFormBody (D:\myProject\helloKoa\node_modules\koa-joi-router\joi-router.js:338:11)
    at errorHandler (D:\myProject\helloKoa\node_modules\koa-joi-router\joi-router.js:281:13)
    at dispatch (D:\myProject\helloKoa\node_modules\koa-compose\index.js:44:32)
    at next (D:\myProject\helloKoa\node_modules\koa-compose\index.js:45:18)
    at specExposer (D:\myProject\helloKoa\node_modules\koa-joi-router\joi-router.js:452:11)
    at dispatch (D:\myProject\helloKoa\node_modules\koa-compose\index.js:44:32)
    at next (D:\myProject\helloKoa\node_modules\koa-compose\index.js:45:18)
    at prepareRequest (D:\myProject\helloKoa\node_modules\koa-joi-router\joi-router.js:464:9)
    at dispatch (D:\myProject\helloKoa\node_modules\koa-compose\index.js:44:32)
    at next (D:\myProject\helloKoa\node_modules\koa-compose\index.js:45:18)
    at D:\myProject\helloKoa\node_modules\@koa\router\lib\router.js:346:16
    at dispatch (D:\myProject\helloKoa\node_modules\koa-compose\index.js:44:32)
    at D:\myProject\helloKoa\node_modules\koa-compose\index.js:36:12
    at dispatch (D:\myProject\helloKoa\node_modules\@koa\router\lib\router.js:351:31)
    at dispatch (D:\myProject\helloKoa\node_modules\koa\node_modules\koa-compose\index.js:42:32)
    at bodyParser (D:\myProject\helloKoa\node_modules\koa-bodyparser\index.js:95:11)
    at processTicksAndRejections (internal/process/task_queues.js:97:5)
    at async cors (D:\myProject\helloKoa\node_modules\@koa\cors\index.js:56:32)
    at async D:\myProject\helloKoa\node_modules\koa-log4\koa-logger.js:86:7 {
  isJoi: true,
  details: [
    {
      message: '"password" is required',
      path: [Array],
      type: 'any.required',
      context: [Object]
    }
  ],
  _object: { username: 'tt' },
  annotate: [Function (anonymous)],
  status: 400,
  msg: 'child "password" fails because ["password" is required]',
  expose: true,
  statusCode: 400
}
[2020-08-25T14:42:47.462] [ERROR] application - Error [ValidationError]: child "password" fails because ["password" is required]
    at Object.exports.process (D:\myProject\helloKoa\node_modules\@hapi\joi\lib\errors.js:202:19)
    at internals.Object._validateWithOptions (D:\myProject\helloKoa\node_modules\@hapi\joi\lib\types\any\index.js:763:31)
    at module.exports.internals.Any.root.validate (D:\myProject\helloKoa\node_modules\@hapi\joi\lib\index.js:145:23)
    at validateInput (D:\myProject\helloKoa\node_modules\koa-joi-router\joi-router.js:481:19)
    at validator (D:\myProject\helloKoa\node_modules\koa-joi-router\joi-router.js:419:15)
    at dispatch (D:\myProject\helloKoa\node_modules\koa-compose\index.js:44:32)
    at next (D:\myProject\helloKoa\node_modules\koa-compose\index.js:45:18)
    at parseFormBody (D:\myProject\helloKoa\node_modules\koa-joi-router\joi-router.js:338:11)
    at errorHandler (D:\myProject\helloKoa\node_modules\koa-joi-router\joi-router.js:281:13)
    at dispatch (D:\myProject\helloKoa\node_modules\koa-compose\index.js:44:32)
    at next (D:\myProject\helloKoa\node_modules\koa-compose\index.js:45:18)
    at specExposer (D:\myProject\helloKoa\node_modules\koa-joi-router\joi-router.js:452:11)
    at dispatch (D:\myProject\helloKoa\node_modules\koa-compose\index.js:44:32)
    at next (D:\myProject\helloKoa\node_modules\koa-compose\index.js:45:18)
    at prepareRequest (D:\myProject\helloKoa\node_modules\koa-joi-router\joi-router.js:464:9)
    at dispatch (D:\myProject\helloKoa\node_modules\koa-compose\index.js:44:32)
    at next (D:\myProject\helloKoa\node_modules\koa-compose\index.js:45:18)
    at D:\myProject\helloKoa\node_modules\@koa\router\lib\router.js:346:16
    at dispatch (D:\myProject\helloKoa\node_modules\koa-compose\index.js:44:32)
    at D:\myProject\helloKoa\node_modules\koa-compose\index.js:36:12
    at dispatch (D:\myProject\helloKoa\node_modules\@koa\router\lib\router.js:351:31)
    at dispatch (D:\myProject\helloKoa\node_modules\koa\node_modules\koa-compose\index.js:42:32)
    at bodyParser (D:\myProject\helloKoa\node_modules\koa-bodyparser\index.js:95:11)
    at processTicksAndRejections (internal/process/task_queues.js:97:5)
    at async cors (D:\myProject\helloKoa\node_modules\@koa\cors\index.js:56:32)
    at async D:\myProject\helloKoa\node_modules\koa-log4\koa-logger.js:86:7 {
  isJoi: true,
  details: [
    {
      message: '"password" is required',
      path: [Array],
      type: 'any.required',
      context: [Object]
    }
  ],
  _object: { username: 'tt' },
  annotate: [Function (anonymous)],
  status: 400,
  msg: 'child "password" fails because ["password" is required]',
  expose: true,
  statusCode: 400
}
[2020-08-25T14:45:44.930] [ERROR] application - Error [ValidationError]: child "password" fails because ["password" is required]
    at Object.exports.process (D:\myProject\helloKoa\node_modules\@hapi\joi\lib\errors.js:202:19)
    at internals.Object._validateWithOptions (D:\myProject\helloKoa\node_modules\@hapi\joi\lib\types\any\index.js:763:31)
    at module.exports.internals.Any.root.validate (D:\myProject\helloKoa\node_modules\@hapi\joi\lib\index.js:145:23)
    at validateInput (D:\myProject\helloKoa\node_modules\koa-joi-router\joi-router.js:481:19)
    at validator (D:\myProject\helloKoa\node_modules\koa-joi-router\joi-router.js:419:15)
    at dispatch (D:\myProject\helloKoa\node_modules\koa-compose\index.js:44:32)
    at next (D:\myProject\helloKoa\node_modules\koa-compose\index.js:45:18)
    at parseFormBody (D:\myProject\helloKoa\node_modules\koa-joi-router\joi-router.js:338:11)
    at errorHandler (D:\myProject\helloKoa\node_modules\koa-joi-router\joi-router.js:281:13)
    at dispatch (D:\myProject\helloKoa\node_modules\koa-compose\index.js:44:32)
    at next (D:\myProject\helloKoa\node_modules\koa-compose\index.js:45:18)
    at specExposer (D:\myProject\helloKoa\node_modules\koa-joi-router\joi-router.js:452:11)
    at dispatch (D:\myProject\helloKoa\node_modules\koa-compose\index.js:44:32)
    at next (D:\myProject\helloKoa\node_modules\koa-compose\index.js:45:18)
    at prepareRequest (D:\myProject\helloKoa\node_modules\koa-joi-router\joi-router.js:464:9)
    at dispatch (D:\myProject\helloKoa\node_modules\koa-compose\index.js:44:32)
    at next (D:\myProject\helloKoa\node_modules\koa-compose\index.js:45:18)
    at D:\myProject\helloKoa\node_modules\@koa\router\lib\router.js:346:16
    at dispatch (D:\myProject\helloKoa\node_modules\koa-compose\index.js:44:32)
    at D:\myProject\helloKoa\node_modules\koa-compose\index.js:36:12
    at dispatch (D:\myProject\helloKoa\node_modules\@koa\router\lib\router.js:351:31)
    at dispatch (D:\myProject\helloKoa\node_modules\koa\node_modules\koa-compose\index.js:42:32)
    at bodyParser (D:\myProject\helloKoa\node_modules\koa-bodyparser\index.js:95:11)
    at processTicksAndRejections (internal/process/task_queues.js:97:5)
    at async cors (D:\myProject\helloKoa\node_modules\@koa\cors\index.js:56:32)
    at async D:\myProject\helloKoa\node_modules\koa-log4\koa-logger.js:86:7 {
  isJoi: true,
  details: [
    {
      message: '"password" is required',
      path: [Array],
      type: 'any.required',
      context: [Object]
    }
  ],
  _object: { username: 'tt' },
  annotate: [Function (anonymous)],
  status: 400,
  msg: 'child "password" fails because ["password" is required]',
  expose: true,
  statusCode: 400
}
[2020-08-25T14:46:13.192] [ERROR] application - Error [ValidationError]: child "password" fails because ["password" is required]
    at Object.exports.process (D:\myProject\helloKoa\node_modules\@hapi\joi\lib\errors.js:202:19)
    at internals.Object._validateWithOptions (D:\myProject\helloKoa\node_modules\@hapi\joi\lib\types\any\index.js:763:31)
    at module.exports.internals.Any.root.validate (D:\myProject\helloKoa\node_modules\@hapi\joi\lib\index.js:145:23)
    at validateInput (D:\myProject\helloKoa\node_modules\koa-joi-router\joi-router.js:481:19)
    at validator (D:\myProject\helloKoa\node_modules\koa-joi-router\joi-router.js:419:15)
    at dispatch (D:\myProject\helloKoa\node_modules\koa-compose\index.js:44:32)
    at next (D:\myProject\helloKoa\node_modules\koa-compose\index.js:45:18)
    at parseFormBody (D:\myProject\helloKoa\node_modules\koa-joi-router\joi-router.js:338:11)
    at errorHandler (D:\myProject\helloKoa\node_modules\koa-joi-router\joi-router.js:281:13)
    at dispatch (D:\myProject\helloKoa\node_modules\koa-compose\index.js:44:32)
    at next (D:\myProject\helloKoa\node_modules\koa-compose\index.js:45:18)
    at specExposer (D:\myProject\helloKoa\node_modules\koa-joi-router\joi-router.js:452:11)
    at dispatch (D:\myProject\helloKoa\node_modules\koa-compose\index.js:44:32)
    at next (D:\myProject\helloKoa\node_modules\koa-compose\index.js:45:18)
    at prepareRequest (D:\myProject\helloKoa\node_modules\koa-joi-router\joi-router.js:464:9)
    at dispatch (D:\myProject\helloKoa\node_modules\koa-compose\index.js:44:32)
    at next (D:\myProject\helloKoa\node_modules\koa-compose\index.js:45:18)
    at D:\myProject\helloKoa\node_modules\@koa\router\lib\router.js:346:16
    at dispatch (D:\myProject\helloKoa\node_modules\koa-compose\index.js:44:32)
    at D:\myProject\helloKoa\node_modules\koa-compose\index.js:36:12
    at dispatch (D:\myProject\helloKoa\node_modules\@koa\router\lib\router.js:351:31)
    at dispatch (D:\myProject\helloKoa\node_modules\koa\node_modules\koa-compose\index.js:42:32)
    at bodyParser (D:\myProject\helloKoa\node_modules\koa-bodyparser\index.js:95:11)
    at processTicksAndRejections (internal/process/task_queues.js:97:5)
    at async cors (D:\myProject\helloKoa\node_modules\@koa\cors\index.js:56:32)
    at async D:\myProject\helloKoa\node_modules\koa-log4\koa-logger.js:86:7 {
  isJoi: true,
  details: [
    {
      message: '"password" is required',
      path: [Array],
      type: 'any.required',
      context: [Object]
    }
  ],
  _object: { username: 'tt' },
  annotate: [Function (anonymous)],
  status: 400,
  msg: 'child "password" fails because ["password" is required]',
  expose: true,
  statusCode: 400
}
[2020-08-25T14:50:10.543] [ERROR] application - Error: next() called multiple times
    at dispatch (D:\myProject\helloKoa\node_modules\koa-compose\index.js:38:45)
    at next (D:\myProject\helloKoa\node_modules\koa-compose\index.js:45:18)
    at errorHandler (D:\myProject\helloKoa\node_modules\koa-joi-router\joi-router.js:285:22)
    at processTicksAndRejections (internal/process/task_queues.js:97:5)
    at async specExposer (D:\myProject\helloKoa\node_modules\koa-joi-router\joi-router.js:452:5)
    at async prepareRequest (D:\myProject\helloKoa\node_modules\koa-joi-router\joi-router.js:464:3)
    at async bodyParser (D:\myProject\helloKoa\node_modules\koa-bodyparser\index.js:95:5)
    at async cors (D:\myProject\helloKoa\node_modules\@koa\cors\index.js:56:32)
    at async D:\myProject\helloKoa\node_modules\koa-log4\koa-logger.js:86:7
[2020-08-25T14:52:13.803] [ERROR] application - Error: next() called multiple times
    at dispatch (D:\myProject\helloKoa\node_modules\koa-compose\index.js:38:45)
    at next (D:\myProject\helloKoa\node_modules\koa-compose\index.js:45:18)
    at errorHandler (D:\myProject\helloKoa\node_modules\koa-joi-router\joi-router.js:285:22)
    at processTicksAndRejections (internal/process/task_queues.js:97:5)
    at async specExposer (D:\myProject\helloKoa\node_modules\koa-joi-router\joi-router.js:452:5)
    at async prepareRequest (D:\myProject\helloKoa\node_modules\koa-joi-router\joi-router.js:464:3)
    at async bodyParser (D:\myProject\helloKoa\node_modules\koa-bodyparser\index.js:95:5)
    at async cors (D:\myProject\helloKoa\node_modules\@koa\cors\index.js:56:32)
    at async D:\myProject\helloKoa\node_modules\koa-log4\koa-logger.js:86:7
[2020-08-25T14:53:44.157] [ERROR] application - Error: next() called multiple times
    at dispatch (D:\myProject\helloKoa\node_modules\koa-compose\index.js:38:45)
    at next (D:\myProject\helloKoa\node_modules\koa-compose\index.js:45:18)
    at errorHandler (D:\myProject\helloKoa\node_modules\koa-joi-router\joi-router.js:285:22)
    at processTicksAndRejections (internal/process/task_queues.js:97:5)
    at async specExposer (D:\myProject\helloKoa\node_modules\koa-joi-router\joi-router.js:452:5)
    at async prepareRequest (D:\myProject\helloKoa\node_modules\koa-joi-router\joi-router.js:464:3)
    at async bodyParser (D:\myProject\helloKoa\node_modules\koa-bodyparser\index.js:95:5)
    at async cors (D:\myProject\helloKoa\node_modules\@koa\cors\index.js:56:32)
    at async D:\myProject\helloKoa\node_modules\koa-log4\koa-logger.js:86:7
[2020-08-25T14:54:51.618] [ERROR] application - Error: next() called multiple times
    at dispatch (D:\myProject\helloKoa\node_modules\koa-compose\index.js:38:45)
    at next (D:\myProject\helloKoa\node_modules\koa-compose\index.js:45:18)
    at errorHandler (D:\myProject\helloKoa\node_modules\koa-joi-router\joi-router.js:285:22)
    at processTicksAndRejections (internal/process/task_queues.js:97:5)
    at async specExposer (D:\myProject\helloKoa\node_modules\koa-joi-router\joi-router.js:452:5)
    at async prepareRequest (D:\myProject\helloKoa\node_modules\koa-joi-router\joi-router.js:464:3)
    at async bodyParser (D:\myProject\helloKoa\node_modules\koa-bodyparser\index.js:95:5)
    at async cors (D:\myProject\helloKoa\node_modules\@koa\cors\index.js:56:32)
    at async D:\myProject\helloKoa\node_modules\koa-log4\koa-logger.js:86:7
[2020-08-25T14:56:11.745] [ERROR] application - Error: next() called multiple times
    at dispatch (D:\myProject\helloKoa\node_modules\koa-compose\index.js:38:45)
    at next (D:\myProject\helloKoa\node_modules\koa-compose\index.js:45:18)
    at errorHandler (D:\myProject\helloKoa\node_modules\koa-joi-router\joi-router.js:285:22)
    at processTicksAndRejections (internal/process/task_queues.js:97:5)
    at async specExposer (D:\myProject\helloKoa\node_modules\koa-joi-router\joi-router.js:452:5)
    at async prepareRequest (D:\myProject\helloKoa\node_modules\koa-joi-router\joi-router.js:464:3)
    at async bodyParser (D:\myProject\helloKoa\node_modules\koa-bodyparser\index.js:95:5)
    at async cors (D:\myProject\helloKoa\node_modules\@koa\cors\index.js:56:32)
    at async D:\myProject\helloKoa\node_modules\koa-log4\koa-logger.js:86:7
[2020-08-25T14:58:37.771] [ERROR] application - Error: next() called multiple times
    at dispatch (D:\myProject\helloKoa\node_modules\koa-compose\index.js:38:45)
    at next (D:\myProject\helloKoa\node_modules\koa-compose\index.js:45:18)
    at errorHandler (D:\myProject\helloKoa\node_modules\koa-joi-router\joi-router.js:285:22)
    at processTicksAndRejections (internal/process/task_queues.js:97:5)
    at async specExposer (D:\myProject\helloKoa\node_modules\koa-joi-router\joi-router.js:452:5)
    at async prepareRequest (D:\myProject\helloKoa\node_modules\koa-joi-router\joi-router.js:464:3)
    at async bodyParser (D:\myProject\helloKoa\node_modules\koa-bodyparser\index.js:95:5)
    at async cors (D:\myProject\helloKoa\node_modules\@koa\cors\index.js:56:32)
    at async D:\myProject\helloKoa\node_modules\koa-log4\koa-logger.js:86:7
[2020-08-25T14:59:26.587] [ERROR] application - Error: next() called multiple times
    at dispatch (D:\myProject\helloKoa\node_modules\koa-compose\index.js:38:45)
    at next (D:\myProject\helloKoa\node_modules\koa-compose\index.js:45:18)
    at errorHandler (D:\myProject\helloKoa\node_modules\koa-joi-router\joi-router.js:285:22)
    at processTicksAndRejections (internal/process/task_queues.js:97:5)
    at async specExposer (D:\myProject\helloKoa\node_modules\koa-joi-router\joi-router.js:452:5)
    at async prepareRequest (D:\myProject\helloKoa\node_modules\koa-joi-router\joi-router.js:464:3)
    at async bodyParser (D:\myProject\helloKoa\node_modules\koa-bodyparser\index.js:95:5)
    at async cors (D:\myProject\helloKoa\node_modules\@koa\cors\index.js:56:32)
    at async D:\myProject\helloKoa\node_modules\koa-log4\koa-logger.js:86:7
[2020-08-25T14:59:58.284] [ERROR] application - Error: next() called multiple times
    at dispatch (D:\myProject\helloKoa\node_modules\koa-compose\index.js:38:45)
    at next (D:\myProject\helloKoa\node_modules\koa-compose\index.js:45:18)
    at errorHandler (D:\myProject\helloKoa\node_modules\koa-joi-router\joi-router.js:285:22)
    at processTicksAndRejections (internal/process/task_queues.js:97:5)
    at async specExposer (D:\myProject\helloKoa\node_modules\koa-joi-router\joi-router.js:452:5)
    at async prepareRequest (D:\myProject\helloKoa\node_modules\koa-joi-router\joi-router.js:464:3)
    at async bodyParser (D:\myProject\helloKoa\node_modules\koa-bodyparser\index.js:95:5)
    at async cors (D:\myProject\helloKoa\node_modules\@koa\cors\index.js:56:32)
    at async D:\myProject\helloKoa\node_modules\koa-log4\koa-logger.js:86:7
[2020-08-25T15:00:50.668] [ERROR] application - Error: next() called multiple times
    at dispatch (D:\myProject\helloKoa\node_modules\koa-compose\index.js:38:45)
    at next (D:\myProject\helloKoa\node_modules\koa-compose\index.js:45:18)
    at errorHandler (D:\myProject\helloKoa\node_modules\koa-joi-router\joi-router.js:285:22)
    at processTicksAndRejections (internal/process/task_queues.js:97:5)
    at async specExposer (D:\myProject\helloKoa\node_modules\koa-joi-router\joi-router.js:452:5)
    at async prepareRequest (D:\myProject\helloKoa\node_modules\koa-joi-router\joi-router.js:464:3)
    at async bodyParser (D:\myProject\helloKoa\node_modules\koa-bodyparser\index.js:95:5)
    at async cors (D:\myProject\helloKoa\node_modules\@koa\cors\index.js:56:32)
    at async D:\myProject\helloKoa\node_modules\koa-log4\koa-logger.js:86:7
[2020-08-25T15:20:37.740] [ERROR] application - Error: next() called multiple times
    at dispatch (D:\myProject\helloKoa\node_modules\koa-compose\index.js:38:45)
    at next (D:\myProject\helloKoa\node_modules\koa-compose\index.js:45:18)
    at errorHandler (D:\myProject\helloKoa\node_modules\koa-joi-router\joi-router.js:285:22)
    at async specExposer (D:\myProject\helloKoa\node_modules\koa-joi-router\joi-router.js:452:5)
    at async prepareRequest (D:\myProject\helloKoa\node_modules\koa-joi-router\joi-router.js:464:3)
    at async bodyParser (D:\myProject\helloKoa\node_modules\koa-bodyparser\index.js:95:5)
    at async cors (D:\myProject\helloKoa\node_modules\@koa\cors\index.js:56:32)
    at async D:\myProject\helloKoa\node_modules\koa-log4\koa-logger.js:86:7
[2020-08-25T15:21:54.271] [ERROR] application - Error: next() called multiple times
    at dispatch (D:\myProject\helloKoa\node_modules\koa-compose\index.js:38:45)
    at next (D:\myProject\helloKoa\node_modules\koa-compose\index.js:45:18)
    at errorHandler (D:\myProject\helloKoa\node_modules\koa-joi-router\joi-router.js:285:22)
    at async specExposer (D:\myProject\helloKoa\node_modules\koa-joi-router\joi-router.js:452:5)
    at async prepareRequest (D:\myProject\helloKoa\node_modules\koa-joi-router\joi-router.js:464:3)
    at async bodyParser (D:\myProject\helloKoa\node_modules\koa-bodyparser\index.js:95:5)
    at async cors (D:\myProject\helloKoa\node_modules\@koa\cors\index.js:56:32)
    at async D:\myProject\helloKoa\node_modules\koa-log4\koa-logger.js:86:7
[2020-08-25T15:23:09.166] [ERROR] application - Error: next() called multiple times
    at dispatch (D:\myProject\helloKoa\node_modules\koa-compose\index.js:38:45)
    at next (D:\myProject\helloKoa\node_modules\koa-compose\index.js:45:18)
    at errorHandler (D:\myProject\helloKoa\node_modules\koa-joi-router\joi-router.js:285:22)
    at async specExposer (D:\myProject\helloKoa\node_modules\koa-joi-router\joi-router.js:452:5)
    at async prepareRequest (D:\myProject\helloKoa\node_modules\koa-joi-router\joi-router.js:464:3)
    at async bodyParser (D:\myProject\helloKoa\node_modules\koa-bodyparser\index.js:95:5)
    at async cors (D:\myProject\helloKoa\node_modules\@koa\cors\index.js:56:32)
    at async D:\myProject\helloKoa\node_modules\koa-log4\koa-logger.js:86:7
[2020-08-25T15:23:47.081] [ERROR] application - Error: next() called multiple times
    at dispatch (D:\myProject\helloKoa\node_modules\koa-compose\index.js:38:45)
    at next (D:\myProject\helloKoa\node_modules\koa-compose\index.js:45:18)
    at errorHandler (D:\myProject\helloKoa\node_modules\koa-joi-router\joi-router.js:285:22)
    at async specExposer (D:\myProject\helloKoa\node_modules\koa-joi-router\joi-router.js:452:5)
    at async prepareRequest (D:\myProject\helloKoa\node_modules\koa-joi-router\joi-router.js:464:3)
    at async bodyParser (D:\myProject\helloKoa\node_modules\koa-bodyparser\index.js:95:5)
    at async cors (D:\myProject\helloKoa\node_modules\@koa\cors\index.js:56:32)
    at async D:\myProject\helloKoa\node_modules\koa-log4\koa-logger.js:86:7
[2020-08-25T15:24:21.444] [ERROR] application - Error: next() called multiple times
    at dispatch (D:\myProject\helloKoa\node_modules\koa-compose\index.js:38:45)
    at next (D:\myProject\helloKoa\node_modules\koa-compose\index.js:45:18)
    at errorHandler (D:\myProject\helloKoa\node_modules\koa-joi-router\joi-router.js:285:22)
    at async specExposer (D:\myProject\helloKoa\node_modules\koa-joi-router\joi-router.js:452:5)
    at async prepareRequest (D:\myProject\helloKoa\node_modules\koa-joi-router\joi-router.js:464:3)
    at async bodyParser (D:\myProject\helloKoa\node_modules\koa-bodyparser\index.js:95:5)
    at async cors (D:\myProject\helloKoa\node_modules\@koa\cors\index.js:56:32)
    at async D:\myProject\helloKoa\node_modules\koa-log4\koa-logger.js:86:7
[2020-08-25T15:26:08.671] [ERROR] application - Error: next() called multiple times
    at dispatch (D:\myProject\helloKoa\node_modules\koa-compose\index.js:38:45)
    at next (D:\myProject\helloKoa\node_modules\koa-compose\index.js:45:18)
    at errorHandler (D:\myProject\helloKoa\node_modules\koa-joi-router\joi-router.js:285:22)
    at async specExposer (D:\myProject\helloKoa\node_modules\koa-joi-router\joi-router.js:452:5)
    at async prepareRequest (D:\myProject\helloKoa\node_modules\koa-joi-router\joi-router.js:464:3)
    at async bodyParser (D:\myProject\helloKoa\node_modules\koa-bodyparser\index.js:95:5)
    at async cors (D:\myProject\helloKoa\node_modules\@koa\cors\index.js:56:32)
    at async D:\myProject\helloKoa\node_modules\koa-log4\koa-logger.js:86:7
[2020-08-25T15:28:25.483] [ERROR] application - Error: next() called multiple times
    at dispatch (D:\myProject\helloKoa\node_modules\koa-compose\index.js:38:45)
    at next (D:\myProject\helloKoa\node_modules\koa-compose\index.js:45:18)
    at errorHandler (D:\myProject\helloKoa\node_modules\koa-joi-router\joi-router.js:285:22)
    at async specExposer (D:\myProject\helloKoa\node_modules\koa-joi-router\joi-router.js:452:5)
    at async prepareRequest (D:\myProject\helloKoa\node_modules\koa-joi-router\joi-router.js:464:3)
    at async bodyParser (D:\myProject\helloKoa\node_modules\koa-bodyparser\index.js:95:5)
    at async cors (D:\myProject\helloKoa\node_modules\@koa\cors\index.js:56:32)
    at async D:\myProject\helloKoa\node_modules\koa-log4\koa-logger.js:86:7
[2020-08-25T15:29:27.511] [ERROR] application - Error: next() called multiple times
    at dispatch (D:\myProject\helloKoa\node_modules\koa-compose\index.js:38:45)
    at next (D:\myProject\helloKoa\node_modules\koa-compose\index.js:45:18)
    at errorHandler (D:\myProject\helloKoa\node_modules\koa-joi-router\joi-router.js:285:22)
    at async specExposer (D:\myProject\helloKoa\node_modules\koa-joi-router\joi-router.js:452:5)
    at async prepareRequest (D:\myProject\helloKoa\node_modules\koa-joi-router\joi-router.js:464:3)
    at async bodyParser (D:\myProject\helloKoa\node_modules\koa-bodyparser\index.js:95:5)
    at async cors (D:\myProject\helloKoa\node_modules\@koa\cors\index.js:56:32)
    at async D:\myProject\helloKoa\node_modules\koa-log4\koa-logger.js:86:7
[2020-08-25T15:29:46.707] [ERROR] application - Error: next() called multiple times
    at dispatch (D:\myProject\helloKoa\node_modules\koa-compose\index.js:38:45)
    at next (D:\myProject\helloKoa\node_modules\koa-compose\index.js:45:18)
    at errorHandler (D:\myProject\helloKoa\node_modules\koa-joi-router\joi-router.js:285:22)
    at async specExposer (D:\myProject\helloKoa\node_modules\koa-joi-router\joi-router.js:452:5)
    at async prepareRequest (D:\myProject\helloKoa\node_modules\koa-joi-router\joi-router.js:464:3)
    at async bodyParser (D:\myProject\helloKoa\node_modules\koa-bodyparser\index.js:95:5)
    at async cors (D:\myProject\helloKoa\node_modules\@koa\cors\index.js:56:32)
    at async D:\myProject\helloKoa\node_modules\koa-log4\koa-logger.js:86:7
[2020-08-25T15:30:27.443] [ERROR] application - Error: next() called multiple times
    at dispatch (D:\myProject\helloKoa\node_modules\koa-compose\index.js:38:45)
    at next (D:\myProject\helloKoa\node_modules\koa-compose\index.js:45:18)
    at errorHandler (D:\myProject\helloKoa\node_modules\koa-joi-router\joi-router.js:285:22)
    at async specExposer (D:\myProject\helloKoa\node_modules\koa-joi-router\joi-router.js:452:5)
    at async prepareRequest (D:\myProject\helloKoa\node_modules\koa-joi-router\joi-router.js:464:3)
    at async bodyParser (D:\myProject\helloKoa\node_modules\koa-bodyparser\index.js:95:5)
    at async cors (D:\myProject\helloKoa\node_modules\@koa\cors\index.js:56:32)
    at async D:\myProject\helloKoa\node_modules\koa-log4\koa-logger.js:86:7
[2020-08-25T15:36:09.343] [ERROR] application - Error: next() called multiple times
    at dispatch (D:\myProject\helloKoa\node_modules\koa-compose\index.js:38:45)
    at next (D:\myProject\helloKoa\node_modules\koa-compose\index.js:45:18)
    at errorHandler (D:\myProject\helloKoa\node_modules\koa-joi-router\joi-router.js:285:22)
    at processTicksAndRejections (internal/process/task_queues.js:97:5)
    at async specExposer (D:\myProject\helloKoa\node_modules\koa-joi-router\joi-router.js:452:5)
    at async prepareRequest (D:\myProject\helloKoa\node_modules\koa-joi-router\joi-router.js:464:3)
    at async bodyParser (D:\myProject\helloKoa\node_modules\koa-bodyparser\index.js:95:5)
    at async cors (D:\myProject\helloKoa\node_modules\@koa\cors\index.js:56:32)
    at async D:\myProject\helloKoa\node_modules\koa-log4\koa-logger.js:86:7
[2020-08-25T15:36:32.840] [ERROR] application - Error: next() called multiple times
    at dispatch (D:\myProject\helloKoa\node_modules\koa-compose\index.js:38:45)
    at next (D:\myProject\helloKoa\node_modules\koa-compose\index.js:45:18)
    at errorHandler (D:\myProject\helloKoa\node_modules\koa-joi-router\joi-router.js:285:22)
    at processTicksAndRejections (internal/process/task_queues.js:97:5)
    at async specExposer (D:\myProject\helloKoa\node_modules\koa-joi-router\joi-router.js:452:5)
    at async prepareRequest (D:\myProject\helloKoa\node_modules\koa-joi-router\joi-router.js:464:3)
    at async bodyParser (D:\myProject\helloKoa\node_modules\koa-bodyparser\index.js:95:5)
    at async cors (D:\myProject\helloKoa\node_modules\@koa\cors\index.js:56:32)
    at async D:\myProject\helloKoa\node_modules\koa-log4\koa-logger.js:86:7
[2020-08-25T16:00:11.365] [ERROR] application - CastError: Cast to ObjectId failed for value "lkklfsdkljfsjfsldkj" at path "_id" for model "User"
    at model.Query.exec (D:\myProject\helloKoa\node_modules\mongoose\lib\query.js:4368:21)
    at Function.get (D:\myProject\helloKoa\models\user.js:37:8)
    at exports.get (D:\myProject\helloKoa\controllers\user.js:7:27)
    at dispatch (D:\myProject\helloKoa\node_modules\koa-compose\index.js:44:32)
    at next (D:\myProject\helloKoa\node_modules\koa-compose\index.js:45:18)
    at validator (D:\myProject\helloKoa\node_modules\koa-joi-router\joi-router.js:411:38)
    at dispatch (D:\myProject\helloKoa\node_modules\koa-compose\index.js:44:32)
    at next (D:\myProject\helloKoa\node_modules\koa-compose\index.js:45:18)
    at noopMiddleware (D:\myProject\helloKoa\node_modules\koa-joi-router\joi-router.js:267:16)
    at dispatch (D:\myProject\helloKoa\node_modules\koa-compose\index.js:44:32)
    at next (D:\myProject\helloKoa\node_modules\koa-compose\index.js:45:18)
    at specExposer (D:\myProject\helloKoa\node_modules\koa-joi-router\joi-router.js:452:11)
    at dispatch (D:\myProject\helloKoa\node_modules\koa-compose\index.js:44:32)
    at next (D:\myProject\helloKoa\node_modules\koa-compose\index.js:45:18)
    at prepareRequest (D:\myProject\helloKoa\node_modules\koa-joi-router\joi-router.js:464:9)
    at dispatch (D:\myProject\helloKoa\node_modules\koa-compose\index.js:44:32)
    at next (D:\myProject\helloKoa\node_modules\koa-compose\index.js:45:18)
    at D:\myProject\helloKoa\node_modules\@koa\router\lib\router.js:346:16
    at dispatch (D:\myProject\helloKoa\node_modules\koa-compose\index.js:44:32)
    at D:\myProject\helloKoa\node_modules\koa-compose\index.js:36:12
    at dispatch (D:\myProject\helloKoa\node_modules\@koa\router\lib\router.js:351:31)
    at dispatch (D:\myProject\helloKoa\node_modules\koa\node_modules\koa-compose\index.js:42:32)
    at bodyParser (D:\myProject\helloKoa\node_modules\koa-bodyparser\index.js:95:11)
    at processTicksAndRejections (internal/process/task_queues.js:97:5)
    at async cors (D:\myProject\helloKoa\node_modules\@koa\cors\index.js:56:32)
    at async D:\myProject\helloKoa\node_modules\koa-log4\koa-logger.js:86:7 {
  messageFormat: undefined,
  stringValue: '"lkklfsdkljfsjfsldkj"',
  kind: 'ObjectId',
  value: 'lkklfsdkljfsjfsldkj',
  path: '_id',
  reason: Error: Argument passed in must be a single String of 12 bytes or a string of 24 hex characters
      at new ObjectID (D:\myProject\helloKoa\node_modules\bson\lib\bson\objectid.js:59:11)
      at castObjectId (D:\myProject\helloKoa\node_modules\mongoose\lib\cast\objectid.js:25:12)
      at ObjectId.cast (D:\myProject\helloKoa\node_modules\mongoose\lib\schema\objectid.js:267:12)
      at ObjectId.SchemaType.applySetters (D:\myProject\helloKoa\node_modules\mongoose\lib\schematype.js:1070:12)
      at ObjectId.SchemaType._castForQuery (D:\myProject\helloKoa\node_modules\mongoose\lib\schematype.js:1498:15)
      at ObjectId.SchemaType.castForQuery (D:\myProject\helloKoa\node_modules\mongoose\lib\schematype.js:1488:15)
      at ObjectId.SchemaType.castForQueryWrapper (D:\myProject\helloKoa\node_modules\mongoose\lib\schematype.js:1467:15)
      at cast (D:\myProject\helloKoa\node_modules\mongoose\lib\cast.js:331:32)
      at model.Query.Query.cast (D:\myProject\helloKoa\node_modules\mongoose\lib\query.js:4769:12)
      at model.Query.Query._castConditions (D:\myProject\helloKoa\node_modules\mongoose\lib\query.js:1870:10)
      at model.Query.<anonymous> (D:\myProject\helloKoa\node_modules\mongoose\lib\query.js:2127:8)
      at model.Query._wrappedThunk [as _findOne] (D:\myProject\helloKoa\node_modules\mongoose\lib\helpers\query\wrapThunk.js:16:8)
      at D:\myProject\helloKoa\node_modules\kareem\index.js:369:33
      at processTicksAndRejections (internal/process/task_queues.js:79:11)
}
