[2020-08-27T14:10:52.583] [ERROR] application - TypeError: Cannot read property 'status' of undefined
    at module.exports (D:\myProject\helloKoa\src\middlewares\joiError.js:5:35)
    at dispatch (D:\myProject\helloKoa\node_modules\koa-compose\index.js:44:32)
    at next (D:\myProject\helloKoa\node_modules\koa-compose\index.js:45:18)
    at validator (D:\myProject\helloKoa\node_modules\koa-joi-router\joi-router.js:428:11)
    at dispatch (D:\myProject\helloKoa\node_modules\koa-compose\index.js:44:32)
    at next (D:\myProject\helloKoa\node_modules\koa-compose\index.js:45:18)
    at errorHandler (D:\myProject\helloKoa\node_modules\koa-joi-router\joi-router.js:285:22)
    at processTicksAndRejections (internal/process/task_queues.js:97:5)
    at specExposer (D:\myProject\helloKoa\node_modules\koa-joi-router\joi-router.js:452:5)
    at prepareRequest (D:\myProject\helloKoa\node_modules\koa-joi-router\joi-router.js:464:3)
    at bodyParser (D:\myProject\helloKoa\node_modules\koa-bodyparser\index.js:95:5)
    at cors (D:\myProject\helloKoa\node_modules\@koa\cors\index.js:56:32)
    at D:\myProject\helloKoa\node_modules\koa-log4\koa-logger.js:86:7
[2020-08-27T14:11:39.364] [ERROR] application - TypeError: Cannot read property 'status' of undefined
    at module.exports (D:\myProject\helloKoa\src\middlewares\joiError.js:5:35)
    at dispatch (D:\myProject\helloKoa\node_modules\koa-compose\index.js:44:32)
    at next (D:\myProject\helloKoa\node_modules\koa-compose\index.js:45:18)
    at validator (D:\myProject\helloKoa\node_modules\koa-joi-router\joi-router.js:428:11)
    at dispatch (D:\myProject\helloKoa\node_modules\koa-compose\index.js:44:32)
    at next (D:\myProject\helloKoa\node_modules\koa-compose\index.js:45:18)
    at errorHandler (D:\myProject\helloKoa\node_modules\koa-joi-router\joi-router.js:285:22)
    at processTicksAndRejections (internal/process/task_queues.js:97:5)
    at specExposer (D:\myProject\helloKoa\node_modules\koa-joi-router\joi-router.js:452:5)
    at prepareRequest (D:\myProject\helloKoa\node_modules\koa-joi-router\joi-router.js:464:3)
    at bodyParser (D:\myProject\helloKoa\node_modules\koa-bodyparser\index.js:95:5)
    at cors (D:\myProject\helloKoa\node_modules\@koa\cors\index.js:56:32)
    at D:\myProject\helloKoa\node_modules\koa-log4\koa-logger.js:86:7
[2020-08-27T14:17:05.773] [ERROR] application - Error: Post validation failed: content: Path `content` is required., title: Path `title` is required.
    at ValidationError.inspect (D:\myProject\helloKoa\node_modules\mongoose\lib\error\validation.js:47:26)
    at formatValue (internal/util/inspect.js:723:31)
    at inspect (internal/util/inspect.js:289:10)
    at formatWithOptionsInternal (internal/util/inspect.js:1918:40)
    at Object.format (internal/util/inspect.js:1794:10)
    at basicLayout (D:\myProject\helloKoa\node_modules\log4js\lib\layouts.js:69:12)
    at app (D:\myProject\helloKoa\node_modules\log4js\lib\appenders\dateFile.js:30:19)
    at D:\myProject\helloKoa\node_modules\log4js\lib\log4js.js:42:5
    at Array.forEach (<anonymous>)
    at sendLogEventToAppender (D:\myProject\helloKoa\node_modules\log4js\lib\log4js.js:41:21)
    at D:\myProject\helloKoa\node_modules\log4js\lib\clustering.js:16:26
    at Array.forEach (<anonymous>)
    at sendToListeners (D:\myProject\helloKoa\node_modules\log4js\lib\clustering.js:16:13)
    at Object.send (D:\myProject\helloKoa\node_modules\log4js\lib\clustering.js:78:7)
    at Logger._log (D:\myProject\helloKoa\node_modules\log4js\lib\logger.js:56:16)
    at Logger.log (D:\myProject\helloKoa\node_modules\log4js\lib\logger.js:45:12) {
  errors: {
    content: ValidatorError: Path `content` is required.
        at validate (D:\myProject\helloKoa\node_modules\mongoose\lib\schematype.js:1217:13)
        at D:\myProject\helloKoa\node_modules\mongoose\lib\schematype.js:1200:7
        at Array.forEach (<anonymous>)
        at SchemaString.SchemaType.doValidate (D:\myProject\helloKoa\node_modules\mongoose\lib\schematype.js:1145:14)
        at D:\myProject\helloKoa\node_modules\mongoose\lib\document.js:2408:18
        at processTicksAndRejections (internal/process/task_queues.js:79:11) {
      properties: [Object],
      kind: 'required',
      path: 'content',
      value: undefined,
      reason: undefined,
      [Symbol(mongoose:validatorError)]: true
    },
    title: ValidatorError: Path `title` is required.
        at validate (D:\myProject\helloKoa\node_modules\mongoose\lib\schematype.js:1217:13)
        at D:\myProject\helloKoa\node_modules\mongoose\lib\schematype.js:1200:7
        at Array.forEach (<anonymous>)
        at SchemaString.SchemaType.doValidate (D:\myProject\helloKoa\node_modules\mongoose\lib\schematype.js:1145:14)
        at D:\myProject\helloKoa\node_modules\mongoose\lib\document.js:2408:18
        at processTicksAndRejections (internal/process/task_queues.js:79:11) {
      properties: [Object],
      kind: 'required',
      path: 'title',
      value: undefined,
      reason: undefined,
      [Symbol(mongoose:validatorError)]: true
    }
  },
  _message: 'Post validation failed'
}
[2020-08-27T14:17:46.711] [ERROR] application - Error: Post validation failed: content: Path `content` is required., title: Path `title` is required.
    at ValidationError.inspect (D:\myProject\helloKoa\node_modules\mongoose\lib\error\validation.js:47:26)
    at formatValue (internal/util/inspect.js:723:31)
    at inspect (internal/util/inspect.js:289:10)
    at formatWithOptionsInternal (internal/util/inspect.js:1918:40)
    at Object.format (internal/util/inspect.js:1794:10)
    at basicLayout (D:\myProject\helloKoa\node_modules\log4js\lib\layouts.js:69:12)
    at app (D:\myProject\helloKoa\node_modules\log4js\lib\appenders\dateFile.js:30:19)
    at D:\myProject\helloKoa\node_modules\log4js\lib\log4js.js:42:5
    at Array.forEach (<anonymous>)
    at sendLogEventToAppender (D:\myProject\helloKoa\node_modules\log4js\lib\log4js.js:41:21)
    at D:\myProject\helloKoa\node_modules\log4js\lib\clustering.js:16:26
    at Array.forEach (<anonymous>)
    at sendToListeners (D:\myProject\helloKoa\node_modules\log4js\lib\clustering.js:16:13)
    at Object.send (D:\myProject\helloKoa\node_modules\log4js\lib\clustering.js:78:7)
    at Logger._log (D:\myProject\helloKoa\node_modules\log4js\lib\logger.js:56:16)
    at Logger.log (D:\myProject\helloKoa\node_modules\log4js\lib\logger.js:45:12) {
  errors: {
    content: ValidatorError: Path `content` is required.
        at validate (D:\myProject\helloKoa\node_modules\mongoose\lib\schematype.js:1217:13)
        at D:\myProject\helloKoa\node_modules\mongoose\lib\schematype.js:1200:7
        at Array.forEach (<anonymous>)
        at SchemaString.SchemaType.doValidate (D:\myProject\helloKoa\node_modules\mongoose\lib\schematype.js:1145:14)
        at D:\myProject\helloKoa\node_modules\mongoose\lib\document.js:2408:18
        at processTicksAndRejections (internal/process/task_queues.js:79:11) {
      properties: [Object],
      kind: 'required',
      path: 'content',
      value: undefined,
      reason: undefined,
      [Symbol(mongoose:validatorError)]: true
    },
    title: ValidatorError: Path `title` is required.
        at validate (D:\myProject\helloKoa\node_modules\mongoose\lib\schematype.js:1217:13)
        at D:\myProject\helloKoa\node_modules\mongoose\lib\schematype.js:1200:7
        at Array.forEach (<anonymous>)
        at SchemaString.SchemaType.doValidate (D:\myProject\helloKoa\node_modules\mongoose\lib\schematype.js:1145:14)
        at D:\myProject\helloKoa\node_modules\mongoose\lib\document.js:2408:18
        at processTicksAndRejections (internal/process/task_queues.js:79:11) {
      properties: [Object],
      kind: 'required',
      path: 'title',
      value: undefined,
      reason: undefined,
      [Symbol(mongoose:validatorError)]: true
    }
  },
  _message: 'Post validation failed'
}
[2020-08-27T14:19:22.545] [ERROR] application - Error: Post validation failed: content: Path `content` is required., title: Path `title` is required.
    at ValidationError.inspect (D:\myProject\helloKoa\node_modules\mongoose\lib\error\validation.js:47:26)
    at formatValue (internal/util/inspect.js:723:31)
    at inspect (internal/util/inspect.js:289:10)
    at formatWithOptionsInternal (internal/util/inspect.js:1918:40)
    at Object.format (internal/util/inspect.js:1794:10)
    at basicLayout (D:\myProject\helloKoa\node_modules\log4js\lib\layouts.js:69:12)
    at app (D:\myProject\helloKoa\node_modules\log4js\lib\appenders\dateFile.js:30:19)
    at D:\myProject\helloKoa\node_modules\log4js\lib\log4js.js:42:5
    at Array.forEach (<anonymous>)
    at sendLogEventToAppender (D:\myProject\helloKoa\node_modules\log4js\lib\log4js.js:41:21)
    at D:\myProject\helloKoa\node_modules\log4js\lib\clustering.js:16:26
    at Array.forEach (<anonymous>)
    at sendToListeners (D:\myProject\helloKoa\node_modules\log4js\lib\clustering.js:16:13)
    at Object.send (D:\myProject\helloKoa\node_modules\log4js\lib\clustering.js:78:7)
    at Logger._log (D:\myProject\helloKoa\node_modules\log4js\lib\logger.js:56:16)
    at Logger.log (D:\myProject\helloKoa\node_modules\log4js\lib\logger.js:45:12) {
  errors: {
    content: ValidatorError: Path `content` is required.
        at validate (D:\myProject\helloKoa\node_modules\mongoose\lib\schematype.js:1217:13)
        at D:\myProject\helloKoa\node_modules\mongoose\lib\schematype.js:1200:7
        at Array.forEach (<anonymous>)
        at SchemaString.SchemaType.doValidate (D:\myProject\helloKoa\node_modules\mongoose\lib\schematype.js:1145:14)
        at D:\myProject\helloKoa\node_modules\mongoose\lib\document.js:2408:18
        at processTicksAndRejections (internal/process/task_queues.js:79:11) {
      properties: [Object],
      kind: 'required',
      path: 'content',
      value: undefined,
      reason: undefined,
      [Symbol(mongoose:validatorError)]: true
    },
    title: ValidatorError: Path `title` is required.
        at validate (D:\myProject\helloKoa\node_modules\mongoose\lib\schematype.js:1217:13)
        at D:\myProject\helloKoa\node_modules\mongoose\lib\schematype.js:1200:7
        at Array.forEach (<anonymous>)
        at SchemaString.SchemaType.doValidate (D:\myProject\helloKoa\node_modules\mongoose\lib\schematype.js:1145:14)
        at D:\myProject\helloKoa\node_modules\mongoose\lib\document.js:2408:18
        at processTicksAndRejections (internal/process/task_queues.js:79:11) {
      properties: [Object],
      kind: 'required',
      path: 'title',
      value: undefined,
      reason: undefined,
      [Symbol(mongoose:validatorError)]: true
    }
  },
  _message: 'Post validation failed'
}
[2020-08-27T14:26:15.945] [ERROR] application - Error: Post validation failed: content: Path `content` is required., title: Path `title` is required.
    at ValidationError.inspect (D:\myProject\helloKoa\node_modules\mongoose\lib\error\validation.js:47:26)
    at formatValue (internal/util/inspect.js:723:31)
    at inspect (internal/util/inspect.js:289:10)
    at formatWithOptionsInternal (internal/util/inspect.js:1918:40)
    at Object.format (internal/util/inspect.js:1794:10)
    at basicLayout (D:\myProject\helloKoa\node_modules\log4js\lib\layouts.js:69:12)
    at app (D:\myProject\helloKoa\node_modules\log4js\lib\appenders\dateFile.js:30:19)
    at D:\myProject\helloKoa\node_modules\log4js\lib\log4js.js:42:5
    at Array.forEach (<anonymous>)
    at sendLogEventToAppender (D:\myProject\helloKoa\node_modules\log4js\lib\log4js.js:41:21)
    at D:\myProject\helloKoa\node_modules\log4js\lib\clustering.js:16:26
    at Array.forEach (<anonymous>)
    at sendToListeners (D:\myProject\helloKoa\node_modules\log4js\lib\clustering.js:16:13)
    at Object.send (D:\myProject\helloKoa\node_modules\log4js\lib\clustering.js:78:7)
    at Logger._log (D:\myProject\helloKoa\node_modules\log4js\lib\logger.js:56:16)
    at Logger.log (D:\myProject\helloKoa\node_modules\log4js\lib\logger.js:45:12) {
  errors: {
    content: ValidatorError: Path `content` is required.
        at validate (D:\myProject\helloKoa\node_modules\mongoose\lib\schematype.js:1217:13)
        at D:\myProject\helloKoa\node_modules\mongoose\lib\schematype.js:1200:7
        at Array.forEach (<anonymous>)
        at SchemaString.SchemaType.doValidate (D:\myProject\helloKoa\node_modules\mongoose\lib\schematype.js:1145:14)
        at D:\myProject\helloKoa\node_modules\mongoose\lib\document.js:2408:18
        at processTicksAndRejections (internal/process/task_queues.js:79:11) {
      properties: [Object],
      kind: 'required',
      path: 'content',
      value: undefined,
      reason: undefined,
      [Symbol(mongoose:validatorError)]: true
    },
    title: ValidatorError: Path `title` is required.
        at validate (D:\myProject\helloKoa\node_modules\mongoose\lib\schematype.js:1217:13)
        at D:\myProject\helloKoa\node_modules\mongoose\lib\schematype.js:1200:7
        at Array.forEach (<anonymous>)
        at SchemaString.SchemaType.doValidate (D:\myProject\helloKoa\node_modules\mongoose\lib\schematype.js:1145:14)
        at D:\myProject\helloKoa\node_modules\mongoose\lib\document.js:2408:18
        at processTicksAndRejections (internal/process/task_queues.js:79:11) {
      properties: [Object],
      kind: 'required',
      path: 'title',
      value: undefined,
      reason: undefined,
      [Symbol(mongoose:validatorError)]: true
    }
  },
  _message: 'Post validation failed'
}
[2020-08-27T14:27:02.637] [ERROR] application - Error: Post validation failed: content: Path `content` is required., title: Path `title` is required.
    at ValidationError.inspect (D:\myProject\helloKoa\node_modules\mongoose\lib\error\validation.js:47:26)
    at formatValue (internal/util/inspect.js:723:31)
    at inspect (internal/util/inspect.js:289:10)
    at formatWithOptionsInternal (internal/util/inspect.js:1918:40)
    at Object.format (internal/util/inspect.js:1794:10)
    at basicLayout (D:\myProject\helloKoa\node_modules\log4js\lib\layouts.js:69:12)
    at app (D:\myProject\helloKoa\node_modules\log4js\lib\appenders\dateFile.js:30:19)
    at D:\myProject\helloKoa\node_modules\log4js\lib\log4js.js:42:5
    at Array.forEach (<anonymous>)
    at sendLogEventToAppender (D:\myProject\helloKoa\node_modules\log4js\lib\log4js.js:41:21)
    at D:\myProject\helloKoa\node_modules\log4js\lib\clustering.js:16:26
    at Array.forEach (<anonymous>)
    at sendToListeners (D:\myProject\helloKoa\node_modules\log4js\lib\clustering.js:16:13)
    at Object.send (D:\myProject\helloKoa\node_modules\log4js\lib\clustering.js:78:7)
    at Logger._log (D:\myProject\helloKoa\node_modules\log4js\lib\logger.js:56:16)
    at Logger.log (D:\myProject\helloKoa\node_modules\log4js\lib\logger.js:45:12) {
  errors: {
    content: ValidatorError: Path `content` is required.
        at validate (D:\myProject\helloKoa\node_modules\mongoose\lib\schematype.js:1217:13)
        at D:\myProject\helloKoa\node_modules\mongoose\lib\schematype.js:1200:7
        at Array.forEach (<anonymous>)
        at SchemaString.SchemaType.doValidate (D:\myProject\helloKoa\node_modules\mongoose\lib\schematype.js:1145:14)
        at D:\myProject\helloKoa\node_modules\mongoose\lib\document.js:2408:18
        at processTicksAndRejections (internal/process/task_queues.js:79:11) {
      properties: [Object],
      kind: 'required',
      path: 'content',
      value: undefined,
      reason: undefined,
      [Symbol(mongoose:validatorError)]: true
    },
    title: ValidatorError: Path `title` is required.
        at validate (D:\myProject\helloKoa\node_modules\mongoose\lib\schematype.js:1217:13)
        at D:\myProject\helloKoa\node_modules\mongoose\lib\schematype.js:1200:7
        at Array.forEach (<anonymous>)
        at SchemaString.SchemaType.doValidate (D:\myProject\helloKoa\node_modules\mongoose\lib\schematype.js:1145:14)
        at D:\myProject\helloKoa\node_modules\mongoose\lib\document.js:2408:18
        at processTicksAndRejections (internal/process/task_queues.js:79:11) {
      properties: [Object],
      kind: 'required',
      path: 'title',
      value: undefined,
      reason: undefined,
      [Symbol(mongoose:validatorError)]: true
    }
  },
  _message: 'Post validation failed'
}
[2020-08-27T14:27:10.343] [ERROR] application - Error: Post validation failed: content: Path `content` is required., title: Path `title` is required.
    at ValidationError.inspect (D:\myProject\helloKoa\node_modules\mongoose\lib\error\validation.js:47:26)
    at formatValue (internal/util/inspect.js:723:31)
    at inspect (internal/util/inspect.js:289:10)
    at formatWithOptionsInternal (internal/util/inspect.js:1918:40)
    at Object.format (internal/util/inspect.js:1794:10)
    at basicLayout (D:\myProject\helloKoa\node_modules\log4js\lib\layouts.js:69:12)
    at app (D:\myProject\helloKoa\node_modules\log4js\lib\appenders\dateFile.js:30:19)
    at D:\myProject\helloKoa\node_modules\log4js\lib\log4js.js:42:5
    at Array.forEach (<anonymous>)
    at sendLogEventToAppender (D:\myProject\helloKoa\node_modules\log4js\lib\log4js.js:41:21)
    at D:\myProject\helloKoa\node_modules\log4js\lib\clustering.js:16:26
    at Array.forEach (<anonymous>)
    at sendToListeners (D:\myProject\helloKoa\node_modules\log4js\lib\clustering.js:16:13)
    at Object.send (D:\myProject\helloKoa\node_modules\log4js\lib\clustering.js:78:7)
    at Logger._log (D:\myProject\helloKoa\node_modules\log4js\lib\logger.js:56:16)
    at Logger.log (D:\myProject\helloKoa\node_modules\log4js\lib\logger.js:45:12) {
  errors: {
    content: ValidatorError: Path `content` is required.
        at validate (D:\myProject\helloKoa\node_modules\mongoose\lib\schematype.js:1217:13)
        at D:\myProject\helloKoa\node_modules\mongoose\lib\schematype.js:1200:7
        at Array.forEach (<anonymous>)
        at SchemaString.SchemaType.doValidate (D:\myProject\helloKoa\node_modules\mongoose\lib\schematype.js:1145:14)
        at D:\myProject\helloKoa\node_modules\mongoose\lib\document.js:2408:18
        at processTicksAndRejections (internal/process/task_queues.js:79:11) {
      properties: [Object],
      kind: 'required',
      path: 'content',
      value: undefined,
      reason: undefined,
      [Symbol(mongoose:validatorError)]: true
    },
    title: ValidatorError: Path `title` is required.
        at validate (D:\myProject\helloKoa\node_modules\mongoose\lib\schematype.js:1217:13)
        at D:\myProject\helloKoa\node_modules\mongoose\lib\schematype.js:1200:7
        at Array.forEach (<anonymous>)
        at SchemaString.SchemaType.doValidate (D:\myProject\helloKoa\node_modules\mongoose\lib\schematype.js:1145:14)
        at D:\myProject\helloKoa\node_modules\mongoose\lib\document.js:2408:18
        at processTicksAndRejections (internal/process/task_queues.js:79:11) {
      properties: [Object],
      kind: 'required',
      path: 'title',
      value: undefined,
      reason: undefined,
      [Symbol(mongoose:validatorError)]: true
    }
  },
  _message: 'Post validation failed'
}
[2020-08-27T14:27:22.940] [ERROR] application - Error: Post validation failed: content: Path `content` is required., title: Path `title` is required.
    at ValidationError.inspect (D:\myProject\helloKoa\node_modules\mongoose\lib\error\validation.js:47:26)
    at formatValue (internal/util/inspect.js:723:31)
    at inspect (internal/util/inspect.js:289:10)
    at formatWithOptionsInternal (internal/util/inspect.js:1918:40)
    at Object.format (internal/util/inspect.js:1794:10)
    at basicLayout (D:\myProject\helloKoa\node_modules\log4js\lib\layouts.js:69:12)
    at app (D:\myProject\helloKoa\node_modules\log4js\lib\appenders\dateFile.js:30:19)
    at D:\myProject\helloKoa\node_modules\log4js\lib\log4js.js:42:5
    at Array.forEach (<anonymous>)
    at sendLogEventToAppender (D:\myProject\helloKoa\node_modules\log4js\lib\log4js.js:41:21)
    at D:\myProject\helloKoa\node_modules\log4js\lib\clustering.js:16:26
    at Array.forEach (<anonymous>)
    at sendToListeners (D:\myProject\helloKoa\node_modules\log4js\lib\clustering.js:16:13)
    at Object.send (D:\myProject\helloKoa\node_modules\log4js\lib\clustering.js:78:7)
    at Logger._log (D:\myProject\helloKoa\node_modules\log4js\lib\logger.js:56:16)
    at Logger.log (D:\myProject\helloKoa\node_modules\log4js\lib\logger.js:45:12) {
  errors: {
    content: ValidatorError: Path `content` is required.
        at validate (D:\myProject\helloKoa\node_modules\mongoose\lib\schematype.js:1217:13)
        at D:\myProject\helloKoa\node_modules\mongoose\lib\schematype.js:1200:7
        at Array.forEach (<anonymous>)
        at SchemaString.SchemaType.doValidate (D:\myProject\helloKoa\node_modules\mongoose\lib\schematype.js:1145:14)
        at D:\myProject\helloKoa\node_modules\mongoose\lib\document.js:2408:18
        at processTicksAndRejections (internal/process/task_queues.js:79:11) {
      properties: [Object],
      kind: 'required',
      path: 'content',
      value: undefined,
      reason: undefined,
      [Symbol(mongoose:validatorError)]: true
    },
    title: ValidatorError: Path `title` is required.
        at validate (D:\myProject\helloKoa\node_modules\mongoose\lib\schematype.js:1217:13)
        at D:\myProject\helloKoa\node_modules\mongoose\lib\schematype.js:1200:7
        at Array.forEach (<anonymous>)
        at SchemaString.SchemaType.doValidate (D:\myProject\helloKoa\node_modules\mongoose\lib\schematype.js:1145:14)
        at D:\myProject\helloKoa\node_modules\mongoose\lib\document.js:2408:18
        at processTicksAndRejections (internal/process/task_queues.js:79:11) {
      properties: [Object],
      kind: 'required',
      path: 'title',
      value: undefined,
      reason: undefined,
      [Symbol(mongoose:validatorError)]: true
    }
  },
  _message: 'Post validation failed'
}
[2020-08-27T14:27:38.693] [ERROR] application - Error: Post validation failed: content: Path `content` is required., title: Path `title` is required.
    at ValidationError.inspect (D:\myProject\helloKoa\node_modules\mongoose\lib\error\validation.js:47:26)
    at formatValue (internal/util/inspect.js:723:31)
    at inspect (internal/util/inspect.js:289:10)
    at formatWithOptionsInternal (internal/util/inspect.js:1918:40)
    at Object.format (internal/util/inspect.js:1794:10)
    at basicLayout (D:\myProject\helloKoa\node_modules\log4js\lib\layouts.js:69:12)
    at app (D:\myProject\helloKoa\node_modules\log4js\lib\appenders\dateFile.js:30:19)
    at D:\myProject\helloKoa\node_modules\log4js\lib\log4js.js:42:5
    at Array.forEach (<anonymous>)
    at sendLogEventToAppender (D:\myProject\helloKoa\node_modules\log4js\lib\log4js.js:41:21)
    at D:\myProject\helloKoa\node_modules\log4js\lib\clustering.js:16:26
    at Array.forEach (<anonymous>)
    at sendToListeners (D:\myProject\helloKoa\node_modules\log4js\lib\clustering.js:16:13)
    at Object.send (D:\myProject\helloKoa\node_modules\log4js\lib\clustering.js:78:7)
    at Logger._log (D:\myProject\helloKoa\node_modules\log4js\lib\logger.js:56:16)
    at Logger.log (D:\myProject\helloKoa\node_modules\log4js\lib\logger.js:45:12) {
  errors: {
    content: ValidatorError: Path `content` is required.
        at validate (D:\myProject\helloKoa\node_modules\mongoose\lib\schematype.js:1217:13)
        at D:\myProject\helloKoa\node_modules\mongoose\lib\schematype.js:1200:7
        at Array.forEach (<anonymous>)
        at SchemaString.SchemaType.doValidate (D:\myProject\helloKoa\node_modules\mongoose\lib\schematype.js:1145:14)
        at D:\myProject\helloKoa\node_modules\mongoose\lib\document.js:2408:18
        at processTicksAndRejections (internal/process/task_queues.js:79:11) {
      properties: [Object],
      kind: 'required',
      path: 'content',
      value: undefined,
      reason: undefined,
      [Symbol(mongoose:validatorError)]: true
    },
    title: ValidatorError: Path `title` is required.
        at validate (D:\myProject\helloKoa\node_modules\mongoose\lib\schematype.js:1217:13)
        at D:\myProject\helloKoa\node_modules\mongoose\lib\schematype.js:1200:7
        at Array.forEach (<anonymous>)
        at SchemaString.SchemaType.doValidate (D:\myProject\helloKoa\node_modules\mongoose\lib\schematype.js:1145:14)
        at D:\myProject\helloKoa\node_modules\mongoose\lib\document.js:2408:18
        at processTicksAndRejections (internal/process/task_queues.js:79:11) {
      properties: [Object],
      kind: 'required',
      path: 'title',
      value: undefined,
      reason: undefined,
      [Symbol(mongoose:validatorError)]: true
    }
  },
  _message: 'Post validation failed'
}
[2020-08-27T14:27:47.053] [ERROR] application - Error: Post validation failed: content: Path `content` is required., title: Path `title` is required.
    at ValidationError.inspect (D:\myProject\helloKoa\node_modules\mongoose\lib\error\validation.js:47:26)
    at formatValue (internal/util/inspect.js:723:31)
    at inspect (internal/util/inspect.js:289:10)
    at formatWithOptionsInternal (internal/util/inspect.js:1918:40)
    at Object.format (internal/util/inspect.js:1794:10)
    at basicLayout (D:\myProject\helloKoa\node_modules\log4js\lib\layouts.js:69:12)
    at app (D:\myProject\helloKoa\node_modules\log4js\lib\appenders\dateFile.js:30:19)
    at D:\myProject\helloKoa\node_modules\log4js\lib\log4js.js:42:5
    at Array.forEach (<anonymous>)
    at sendLogEventToAppender (D:\myProject\helloKoa\node_modules\log4js\lib\log4js.js:41:21)
    at D:\myProject\helloKoa\node_modules\log4js\lib\clustering.js:16:26
    at Array.forEach (<anonymous>)
    at sendToListeners (D:\myProject\helloKoa\node_modules\log4js\lib\clustering.js:16:13)
    at Object.send (D:\myProject\helloKoa\node_modules\log4js\lib\clustering.js:78:7)
    at Logger._log (D:\myProject\helloKoa\node_modules\log4js\lib\logger.js:56:16)
    at Logger.log (D:\myProject\helloKoa\node_modules\log4js\lib\logger.js:45:12) {
  errors: {
    content: ValidatorError: Path `content` is required.
        at validate (D:\myProject\helloKoa\node_modules\mongoose\lib\schematype.js:1217:13)
        at D:\myProject\helloKoa\node_modules\mongoose\lib\schematype.js:1200:7
        at Array.forEach (<anonymous>)
        at SchemaString.SchemaType.doValidate (D:\myProject\helloKoa\node_modules\mongoose\lib\schematype.js:1145:14)
        at D:\myProject\helloKoa\node_modules\mongoose\lib\document.js:2408:18
        at processTicksAndRejections (internal/process/task_queues.js:79:11) {
      properties: [Object],
      kind: 'required',
      path: 'content',
      value: undefined,
      reason: undefined,
      [Symbol(mongoose:validatorError)]: true
    },
    title: ValidatorError: Path `title` is required.
        at validate (D:\myProject\helloKoa\node_modules\mongoose\lib\schematype.js:1217:13)
        at D:\myProject\helloKoa\node_modules\mongoose\lib\schematype.js:1200:7
        at Array.forEach (<anonymous>)
        at SchemaString.SchemaType.doValidate (D:\myProject\helloKoa\node_modules\mongoose\lib\schematype.js:1145:14)
        at D:\myProject\helloKoa\node_modules\mongoose\lib\document.js:2408:18
        at processTicksAndRejections (internal/process/task_queues.js:79:11) {
      properties: [Object],
      kind: 'required',
      path: 'title',
      value: undefined,
      reason: undefined,
      [Symbol(mongoose:validatorError)]: true
    }
  },
  _message: 'Post validation failed'
}
[2020-08-27T15:10:50.693] [ERROR] application - TypeError: Cannot read property 'status' of undefined
    at module.exports (D:\myProject\helloKoa\src\middlewares\joiError.js:5:35)
    at dispatch (D:\myProject\helloKoa\node_modules\koa-compose\index.js:44:32)
    at next (D:\myProject\helloKoa\node_modules\koa-compose\index.js:45:18)
    at validator (D:\myProject\helloKoa\node_modules\koa-joi-router\joi-router.js:428:11)
    at dispatch (D:\myProject\helloKoa\node_modules\koa-compose\index.js:44:32)
    at next (D:\myProject\helloKoa\node_modules\koa-compose\index.js:45:18)
    at errorHandler (D:\myProject\helloKoa\node_modules\koa-joi-router\joi-router.js:285:22)
    at processTicksAndRejections (internal/process/task_queues.js:97:5)
    at specExposer (D:\myProject\helloKoa\node_modules\koa-joi-router\joi-router.js:452:5)
    at prepareRequest (D:\myProject\helloKoa\node_modules\koa-joi-router\joi-router.js:464:3)
    at bodyParser (D:\myProject\helloKoa\node_modules\koa-bodyparser\index.js:95:5)
    at cors (D:\myProject\helloKoa\node_modules\@koa\cors\index.js:56:32)
    at D:\myProject\helloKoa\node_modules\koa-log4\koa-logger.js:86:7
[2020-08-27T15:11:56.963] [ERROR] application - TypeError: Cannot read property 'status' of undefined
    at module.exports (D:\myProject\helloKoa\src\middlewares\joiError.js:6:35)
    at dispatch (D:\myProject\helloKoa\node_modules\koa-compose\index.js:44:32)
    at next (D:\myProject\helloKoa\node_modules\koa-compose\index.js:45:18)
    at validator (D:\myProject\helloKoa\node_modules\koa-joi-router\joi-router.js:428:11)
    at dispatch (D:\myProject\helloKoa\node_modules\koa-compose\index.js:44:32)
    at next (D:\myProject\helloKoa\node_modules\koa-compose\index.js:45:18)
    at errorHandler (D:\myProject\helloKoa\node_modules\koa-joi-router\joi-router.js:285:22)
    at processTicksAndRejections (internal/process/task_queues.js:97:5)
    at specExposer (D:\myProject\helloKoa\node_modules\koa-joi-router\joi-router.js:452:5)
    at prepareRequest (D:\myProject\helloKoa\node_modules\koa-joi-router\joi-router.js:464:3)
    at bodyParser (D:\myProject\helloKoa\node_modules\koa-bodyparser\index.js:95:5)
    at cors (D:\myProject\helloKoa\node_modules\@koa\cors\index.js:56:32)
    at D:\myProject\helloKoa\node_modules\koa-log4\koa-logger.js:86:7
[2020-08-27T15:12:06.491] [ERROR] application - TypeError: Cannot read property 'status' of undefined
    at module.exports (D:\myProject\helloKoa\src\middlewares\joiError.js:6:35)
    at dispatch (D:\myProject\helloKoa\node_modules\koa-compose\index.js:44:32)
    at next (D:\myProject\helloKoa\node_modules\koa-compose\index.js:45:18)
    at validator (D:\myProject\helloKoa\node_modules\koa-joi-router\joi-router.js:428:11)
    at dispatch (D:\myProject\helloKoa\node_modules\koa-compose\index.js:44:32)
    at next (D:\myProject\helloKoa\node_modules\koa-compose\index.js:45:18)
    at errorHandler (D:\myProject\helloKoa\node_modules\koa-joi-router\joi-router.js:285:22)
    at processTicksAndRejections (internal/process/task_queues.js:97:5)
    at specExposer (D:\myProject\helloKoa\node_modules\koa-joi-router\joi-router.js:452:5)
    at prepareRequest (D:\myProject\helloKoa\node_modules\koa-joi-router\joi-router.js:464:3)
    at bodyParser (D:\myProject\helloKoa\node_modules\koa-bodyparser\index.js:95:5)
    at cors (D:\myProject\helloKoa\node_modules\@koa\cors\index.js:56:32)
    at D:\myProject\helloKoa\node_modules\koa-log4\koa-logger.js:86:7
[2020-08-27T15:14:19.073] [ERROR] application - TypeError: Cannot read property 'status' of undefined
    at module.exports (D:\myProject\helloKoa\src\middlewares\joiError.js:6:35)
    at dispatch (D:\myProject\helloKoa\node_modules\koa-compose\index.js:44:32)
    at next (D:\myProject\helloKoa\node_modules\koa-compose\index.js:45:18)
    at validator (D:\myProject\helloKoa\node_modules\koa-joi-router\joi-router.js:428:11)
    at dispatch (D:\myProject\helloKoa\node_modules\koa-compose\index.js:44:32)
    at next (D:\myProject\helloKoa\node_modules\koa-compose\index.js:45:18)
    at errorHandler (D:\myProject\helloKoa\node_modules\koa-joi-router\joi-router.js:285:22)
    at processTicksAndRejections (internal/process/task_queues.js:97:5)
    at specExposer (D:\myProject\helloKoa\node_modules\koa-joi-router\joi-router.js:452:5)
    at prepareRequest (D:\myProject\helloKoa\node_modules\koa-joi-router\joi-router.js:464:3)
    at bodyParser (D:\myProject\helloKoa\node_modules\koa-bodyparser\index.js:95:5)
    at cors (D:\myProject\helloKoa\node_modules\@koa\cors\index.js:56:32)
    at D:\myProject\helloKoa\node_modules\koa-log4\koa-logger.js:86:7
[2020-08-27T15:15:03.238] [ERROR] application - Error: next() called multiple times
    at dispatch (D:\myProject\helloKoa\node_modules\koa-compose\index.js:38:45)
    at next (D:\myProject\helloKoa\node_modules\koa-compose\index.js:45:18)
    at errorHandler (D:\myProject\helloKoa\node_modules\koa-joi-router\joi-router.js:285:22)
    at processTicksAndRejections (internal/process/task_queues.js:97:5)
    at specExposer (D:\myProject\helloKoa\node_modules\koa-joi-router\joi-router.js:452:5)
    at prepareRequest (D:\myProject\helloKoa\node_modules\koa-joi-router\joi-router.js:464:3)
    at bodyParser (D:\myProject\helloKoa\node_modules\koa-bodyparser\index.js:95:5)
    at cors (D:\myProject\helloKoa\node_modules\@koa\cors\index.js:56:32)
    at D:\myProject\helloKoa\node_modules\koa-log4\koa-logger.js:86:7
[2020-08-27T15:15:03.536] [ERROR] application - ReferenceError: BadRequestError is not defined
    at module.exports (D:\myProject\helloKoa\src\middlewares\joiError.js:5:54)
    at dispatch (D:\myProject\helloKoa\node_modules\koa-compose\index.js:44:32)
    at next (D:\myProject\helloKoa\node_modules\koa-compose\index.js:45:18)
    at validator (D:\myProject\helloKoa\node_modules\koa-joi-router\joi-router.js:428:11)
    at dispatch (D:\myProject\helloKoa\node_modules\koa-compose\index.js:44:32)
    at next (D:\myProject\helloKoa\node_modules\koa-compose\index.js:45:18)
    at errorHandler (D:\myProject\helloKoa\node_modules\koa-joi-router\joi-router.js:285:22)
    at processTicksAndRejections (internal/process/task_queues.js:97:5)
    at specExposer (D:\myProject\helloKoa\node_modules\koa-joi-router\joi-router.js:452:5)
    at prepareRequest (D:\myProject\helloKoa\node_modules\koa-joi-router\joi-router.js:464:3)
    at bodyParser (D:\myProject\helloKoa\node_modules\koa-bodyparser\index.js:95:5)
    at cors (D:\myProject\helloKoa\node_modules\@koa\cors\index.js:56:32)
    at D:\myProject\helloKoa\node_modules\koa-log4\koa-logger.js:86:7
[2020-08-27T15:15:39.225] [ERROR] application - TypeError: Cannot read property 'status' of undefined
    at module.exports (D:\myProject\helloKoa\src\middlewares\joiError.js:7:35)
    at dispatch (D:\myProject\helloKoa\node_modules\koa-compose\index.js:44:32)
    at next (D:\myProject\helloKoa\node_modules\koa-compose\index.js:45:18)
    at validator (D:\myProject\helloKoa\node_modules\koa-joi-router\joi-router.js:428:11)
    at dispatch (D:\myProject\helloKoa\node_modules\koa-compose\index.js:44:32)
    at next (D:\myProject\helloKoa\node_modules\koa-compose\index.js:45:18)
    at errorHandler (D:\myProject\helloKoa\node_modules\koa-joi-router\joi-router.js:285:22)
    at processTicksAndRejections (internal/process/task_queues.js:97:5)
    at specExposer (D:\myProject\helloKoa\node_modules\koa-joi-router\joi-router.js:452:5)
    at prepareRequest (D:\myProject\helloKoa\node_modules\koa-joi-router\joi-router.js:464:3)
    at bodyParser (D:\myProject\helloKoa\node_modules\koa-bodyparser\index.js:95:5)
    at cors (D:\myProject\helloKoa\node_modules\@koa\cors\index.js:56:32)
    at D:\myProject\helloKoa\node_modules\koa-log4\koa-logger.js:86:7
[2020-08-27T15:16:06.421] [ERROR] application - TypeError: Cannot read property 'status' of undefined
    at module.exports (D:\myProject\helloKoa\src\middlewares\joiError.js:7:35)
    at dispatch (D:\myProject\helloKoa\node_modules\koa-compose\index.js:44:32)
    at next (D:\myProject\helloKoa\node_modules\koa-compose\index.js:45:18)
    at validator (D:\myProject\helloKoa\node_modules\koa-joi-router\joi-router.js:428:11)
    at dispatch (D:\myProject\helloKoa\node_modules\koa-compose\index.js:44:32)
    at next (D:\myProject\helloKoa\node_modules\koa-compose\index.js:45:18)
    at errorHandler (D:\myProject\helloKoa\node_modules\koa-joi-router\joi-router.js:285:22)
    at processTicksAndRejections (internal/process/task_queues.js:97:5)
    at specExposer (D:\myProject\helloKoa\node_modules\koa-joi-router\joi-router.js:452:5)
    at prepareRequest (D:\myProject\helloKoa\node_modules\koa-joi-router\joi-router.js:464:3)
    at bodyParser (D:\myProject\helloKoa\node_modules\koa-bodyparser\index.js:95:5)
    at cors (D:\myProject\helloKoa\node_modules\@koa\cors\index.js:56:32)
    at D:\myProject\helloKoa\node_modules\koa-log4\koa-logger.js:86:7
[2020-08-27T15:17:07.462] [ERROR] application - TypeError: Cannot read property 'msg' of undefined
    at module.exports (D:\myProject\helloKoa\src\middlewares\joiError.js:9:33)
    at dispatch (D:\myProject\helloKoa\node_modules\koa-compose\index.js:44:32)
    at next (D:\myProject\helloKoa\node_modules\koa-compose\index.js:45:18)
    at validator (D:\myProject\helloKoa\node_modules\koa-joi-router\joi-router.js:428:11)
    at dispatch (D:\myProject\helloKoa\node_modules\koa-compose\index.js:44:32)
    at next (D:\myProject\helloKoa\node_modules\koa-compose\index.js:45:18)
    at errorHandler (D:\myProject\helloKoa\node_modules\koa-joi-router\joi-router.js:285:22)
    at processTicksAndRejections (internal/process/task_queues.js:97:5)
    at specExposer (D:\myProject\helloKoa\node_modules\koa-joi-router\joi-router.js:452:5)
    at prepareRequest (D:\myProject\helloKoa\node_modules\koa-joi-router\joi-router.js:464:3)
    at bodyParser (D:\myProject\helloKoa\node_modules\koa-bodyparser\index.js:95:5)
    at cors (D:\myProject\helloKoa\node_modules\@koa\cors\index.js:56:32)
    at D:\myProject\helloKoa\node_modules\koa-log4\koa-logger.js:86:7
